This file contains any messages produced by compilers while
running configure, to aid debugging if configure makes a mistake.

It was created by binutils configure 2.36.1, which was
generated by GNU Autoconf 2.69.  Invocation command line was

  $ /home/ander/MACC/software-security/graded-lab-fuzzing/binutils-2.36.1/binutils/configure --srcdir=.././binutils --cache-file=./config.cache --with-gnu-as --with-gnu-ld --program-transform-name=s,y,y, --disable-option-checking --build=x86_64-pc-linux-gnu --host=x86_64-pc-linux-gnu --target=x86_64-pc-linux-gnu

## --------- ##
## Platform. ##
## --------- ##

hostname = pop-os
uname -m = x86_64
uname -r = 5.15.11-76051511-generic
uname -s = Linux
uname -v = #202112220937~1640185481~21.04~b3a2c21-Ubuntu SMP Mon Jan 3 16:5

/usr/bin/uname -p = x86_64
/bin/uname -X     = unknown

/bin/arch              = x86_64
/usr/bin/arch -k       = unknown
/usr/convex/getsysinfo = unknown
/usr/bin/hostinfo      = unknown
/bin/machine           = unknown
/usr/bin/oslevel       = unknown
/bin/universe          = unknown

PATH: /home/ander/.local/bin
PATH: /home/ander/bin
PATH: /usr/local/sbin
PATH: /usr/local/bin
PATH: /usr/sbin
PATH: /usr/bin
PATH: /sbin
PATH: /bin
PATH: /usr/games
PATH: /usr/local/games
PATH: /snap/bin
PATH: /snap/bin


## ----------- ##
## Core tests. ##
## ----------- ##

configure:2542: creating cache ./config.cache
configure:2656: checking build system type
configure:2670: result: x86_64-pc-linux-gnu
configure:2690: checking host system type
configure:2703: result: x86_64-pc-linux-gnu
configure:2723: checking target system type
configure:2736: result: x86_64-pc-linux-gnu
configure:2773: checking for x86_64-pc-linux-gnu-gcc
configure:2800: result: afl-gcc
configure:3069: checking for C compiler version
configure:3078: afl-gcc --version >&5
gcc (Ubuntu 10.3.0-1ubuntu1) 10.3.0
Copyright (C) 2020 Free Software Foundation, Inc.
This is free software; see the source for copying conditions.  There is NO
warranty; not even for MERCHANTABILITY or FITNESS FOR A PARTICULAR PURPOSE.

configure:3089: $? = 0
configure:3078: afl-gcc -v >&5
Using built-in specs.
COLLECT_GCC=gcc
COLLECT_LTO_WRAPPER=/usr/lib/gcc/x86_64-linux-gnu/10/lto-wrapper
OFFLOAD_TARGET_NAMES=nvptx-none:amdgcn-amdhsa:hsa
OFFLOAD_TARGET_DEFAULT=1
Target: x86_64-linux-gnu
Configured with: ../src/configure -v --with-pkgversion='Ubuntu 10.3.0-1ubuntu1' --with-bugurl=file:///usr/share/doc/gcc-10/README.Bugs --enable-languages=c,ada,c++,go,brig,d,fortran,objc,obj-c++,m2 --prefix=/usr --with-gcc-major-version-only --program-suffix=-10 --program-prefix=x86_64-linux-gnu- --enable-shared --enable-linker-build-id --libexecdir=/usr/lib --without-included-gettext --enable-threads=posix --libdir=/usr/lib --enable-nls --enable-bootstrap --enable-clocale=gnu --enable-libstdcxx-debug --enable-libstdcxx-time=yes --with-default-libstdcxx-abi=new --enable-gnu-unique-object --disable-vtable-verify --enable-plugin --enable-default-pie --with-system-zlib --enable-libphobos-checking=release --with-target-system-zlib=auto --enable-objc-gc=auto --enable-multiarch --disable-werror --with-arch-32=i686 --with-abi=m64 --with-multilib-list=m32,m64,mx32 --enable-multilib --with-tune=generic --enable-offload-targets=nvptx-none=/build/gcc-10-gDeRY6/gcc-10-10.3.0/debian/tmp-nvptx/usr,amdgcn-amdhsa=/build/gcc-10-gDeRY6/gcc-10-10.3.0/debian/tmp-gcn/usr,hsa --without-cuda-driver --enable-checking=release --build=x86_64-linux-gnu --host=x86_64-linux-gnu --target=x86_64-linux-gnu --with-build-config=bootstrap-lto-lean --enable-link-mutex
Thread model: posix
Supported LTO compression algorithms: zlib zstd
gcc version 10.3.0 (Ubuntu 10.3.0-1ubuntu1) 
... rest of stderr output deleted ...
configure:3089: $? = 0
configure:3078: afl-gcc -V >&5
gcc: error: unrecognized command-line option '-V'
gcc: fatal error: no input files
compilation terminated.
configure:3089: $? = 1
configure:3078: afl-gcc -qversion >&5
gcc: error: unrecognized command-line option '-qversion'; did you mean '--version'?
gcc: fatal error: no input files
compilation terminated.
configure:3089: $? = 1
configure:3109: checking whether the C compiler works
configure:3131: afl-gcc -g -O2        conftest.c  >&5
configure:3135: $? = 0
configure:3183: result: yes
configure:3186: checking for C compiler default output file name
configure:3188: result: a.out
configure:3194: checking for suffix of executables
configure:3201: afl-gcc -o conftest -g -O2        conftest.c  >&5
configure:3205: $? = 0
configure:3227: result: 
configure:3249: checking whether we are cross compiling
configure:3257: afl-gcc -o conftest -g -O2        conftest.c  >&5
configure:3261: $? = 0
configure:3268: ./conftest
configure:3272: $? = 0
configure:3287: result: no
configure:3292: checking for suffix of object files
configure:3314: afl-gcc -c -g -O2      conftest.c >&5
configure:3318: $? = 0
configure:3339: result: o
configure:3343: checking whether we are using the GNU C compiler
configure:3362: afl-gcc -c -g -O2      conftest.c >&5
configure:3362: $? = 0
configure:3371: result: yes
configure:3380: checking whether afl-gcc accepts -g
configure:3400: afl-gcc -c -g  conftest.c >&5
configure:3400: $? = 0
configure:3441: result: yes
configure:3458: checking for afl-gcc option to accept ISO C89
configure:3521: afl-gcc  -c -g -O2      conftest.c >&5
configure:3521: $? = 0
configure:3534: result: none needed
configure:3559: checking whether afl-gcc understands -c and -o together
configure:3581: afl-gcc -c conftest.c -o conftest2.o
configure:3584: $? = 0
configure:3581: afl-gcc -c conftest.c -o conftest2.o
configure:3584: $? = 0
configure:3596: result: yes
configure:3614: checking for library containing strerror
configure:3645: afl-gcc -o conftest -g -O2        conftest.c  >&5
configure:3645: $? = 0
configure:3662: result: none required
configure:3687: checking for a BSD-compatible install
configure:3755: result: /usr/bin/install -c
configure:3766: checking whether build environment is sane
configure:3821: result: yes
configure:3969: checking for a thread-safe mkdir -p
configure:4008: result: /usr/bin/mkdir -p
configure:4015: checking for gawk
configure:4042: result: mawk
configure:4053: checking whether make sets $(MAKE)
configure:4075: result: yes
configure:4105: checking for style of include used by make
configure:4133: result: GNU
configure:4167: checking whether make supports nested variables
configure:4184: result: yes
configure:4269: checking dependency style of afl-gcc
configure:4380: result: gcc3
configure:4447: checking for x86_64-pc-linux-gnu-gcc
configure:4474: result: afl-gcc
configure:4743: checking for C compiler version
configure:4752: afl-gcc --version >&5
gcc (Ubuntu 10.3.0-1ubuntu1) 10.3.0
Copyright (C) 2020 Free Software Foundation, Inc.
This is free software; see the source for copying conditions.  There is NO
warranty; not even for MERCHANTABILITY or FITNESS FOR A PARTICULAR PURPOSE.

configure:4763: $? = 0
configure:4752: afl-gcc -v >&5
Using built-in specs.
COLLECT_GCC=gcc
COLLECT_LTO_WRAPPER=/usr/lib/gcc/x86_64-linux-gnu/10/lto-wrapper
OFFLOAD_TARGET_NAMES=nvptx-none:amdgcn-amdhsa:hsa
OFFLOAD_TARGET_DEFAULT=1
Target: x86_64-linux-gnu
Configured with: ../src/configure -v --with-pkgversion='Ubuntu 10.3.0-1ubuntu1' --with-bugurl=file:///usr/share/doc/gcc-10/README.Bugs --enable-languages=c,ada,c++,go,brig,d,fortran,objc,obj-c++,m2 --prefix=/usr --with-gcc-major-version-only --program-suffix=-10 --program-prefix=x86_64-linux-gnu- --enable-shared --enable-linker-build-id --libexecdir=/usr/lib --without-included-gettext --enable-threads=posix --libdir=/usr/lib --enable-nls --enable-bootstrap --enable-clocale=gnu --enable-libstdcxx-debug --enable-libstdcxx-time=yes --with-default-libstdcxx-abi=new --enable-gnu-unique-object --disable-vtable-verify --enable-plugin --enable-default-pie --with-system-zlib --enable-libphobos-checking=release --with-target-system-zlib=auto --enable-objc-gc=auto --enable-multiarch --disable-werror --with-arch-32=i686 --with-abi=m64 --with-multilib-list=m32,m64,mx32 --enable-multilib --with-tune=generic --enable-offload-targets=nvptx-none=/build/gcc-10-gDeRY6/gcc-10-10.3.0/debian/tmp-nvptx/usr,amdgcn-amdhsa=/build/gcc-10-gDeRY6/gcc-10-10.3.0/debian/tmp-gcn/usr,hsa --without-cuda-driver --enable-checking=release --build=x86_64-linux-gnu --host=x86_64-linux-gnu --target=x86_64-linux-gnu --with-build-config=bootstrap-lto-lean --enable-link-mutex
Thread model: posix
Supported LTO compression algorithms: zlib zstd
gcc version 10.3.0 (Ubuntu 10.3.0-1ubuntu1) 
... rest of stderr output deleted ...
configure:4763: $? = 0
configure:4752: afl-gcc -V >&5
gcc: error: unrecognized command-line option '-V'
gcc: fatal error: no input files
compilation terminated.
configure:4763: $? = 1
configure:4752: afl-gcc -qversion >&5
gcc: error: unrecognized command-line option '-qversion'; did you mean '--version'?
gcc: fatal error: no input files
compilation terminated.
configure:4763: $? = 1
configure:4767: checking whether we are using the GNU C compiler
configure:4795: result: yes
configure:4804: checking whether afl-gcc accepts -g
configure:4865: result: yes
configure:4882: checking for afl-gcc option to accept ISO C89
configure:4958: result: none needed
configure:4983: checking whether afl-gcc understands -c and -o together
configure:5020: result: yes
configure:5042: checking how to run the C preprocessor
configure:5073: afl-gcc -E  conftest.c
configure:5073: $? = 0
configure:5087: afl-gcc -E  conftest.c
conftest.c:11:10: fatal error: ac_nonexistent.h: No such file or directory
   11 | #include <ac_nonexistent.h>
      |          ^~~~~~~~~~~~~~~~~~
compilation terminated.
configure:5087: $? = 1
configure: failed program was:
| /* confdefs.h */
| #define PACKAGE_NAME "binutils"
| #define PACKAGE_TARNAME "binutils"
| #define PACKAGE_VERSION "2.36.1"
| #define PACKAGE_STRING "binutils 2.36.1"
| #define PACKAGE_BUGREPORT ""
| #define PACKAGE_URL ""
| #define PACKAGE "binutils"
| #define VERSION "2.36.1"
| /* end confdefs.h.  */
| #include <ac_nonexistent.h>
configure:5112: result: afl-gcc -E
configure:5132: afl-gcc -E  conftest.c
configure:5132: $? = 0
configure:5146: afl-gcc -E  conftest.c
conftest.c:11:10: fatal error: ac_nonexistent.h: No such file or directory
   11 | #include <ac_nonexistent.h>
      |          ^~~~~~~~~~~~~~~~~~
compilation terminated.
configure:5146: $? = 1
configure: failed program was:
| /* confdefs.h */
| #define PACKAGE_NAME "binutils"
| #define PACKAGE_TARNAME "binutils"
| #define PACKAGE_VERSION "2.36.1"
| #define PACKAGE_STRING "binutils 2.36.1"
| #define PACKAGE_BUGREPORT ""
| #define PACKAGE_URL ""
| #define PACKAGE "binutils"
| #define VERSION "2.36.1"
| /* end confdefs.h.  */
| #include <ac_nonexistent.h>
configure:5175: checking for grep that handles long lines and -e
configure:5233: result: /usr/bin/grep
configure:5238: checking for egrep
configure:5300: result: /usr/bin/grep -E
configure:5305: checking for ANSI C header files
configure:5325: afl-gcc -c -g -O2      conftest.c >&5
configure:5325: $? = 0
configure:5398: afl-gcc -o conftest -g -O2        conftest.c  >&5
configure:5398: $? = 0
configure:5398: ./conftest
configure:5398: $? = 0
configure:5409: result: yes
configure:5422: checking for sys/types.h
configure:5422: afl-gcc -c -g -O2      conftest.c >&5
configure:5422: $? = 0
configure:5422: result: yes
configure:5422: checking for sys/stat.h
configure:5422: afl-gcc -c -g -O2      conftest.c >&5
configure:5422: $? = 0
configure:5422: result: yes
configure:5422: checking for stdlib.h
configure:5422: afl-gcc -c -g -O2      conftest.c >&5
configure:5422: $? = 0
configure:5422: result: yes
configure:5422: checking for string.h
configure:5422: afl-gcc -c -g -O2      conftest.c >&5
configure:5422: $? = 0
configure:5422: result: yes
configure:5422: checking for memory.h
configure:5422: afl-gcc -c -g -O2      conftest.c >&5
configure:5422: $? = 0
configure:5422: result: yes
configure:5422: checking for strings.h
configure:5422: afl-gcc -c -g -O2      conftest.c >&5
configure:5422: $? = 0
configure:5422: result: yes
configure:5422: checking for inttypes.h
configure:5422: afl-gcc -c -g -O2      conftest.c >&5
configure:5422: $? = 0
configure:5422: result: yes
configure:5422: checking for stdint.h
configure:5422: afl-gcc -c -g -O2      conftest.c >&5
configure:5422: $? = 0
configure:5422: result: yes
configure:5422: checking for unistd.h
configure:5422: afl-gcc -c -g -O2      conftest.c >&5
configure:5422: $? = 0
configure:5422: result: yes
configure:5435: checking minix/config.h usability
configure:5435: afl-gcc -c -g -O2      conftest.c >&5
conftest.c:54:10: fatal error: minix/config.h: No such file or directory
   54 | #include <minix/config.h>
      |          ^~~~~~~~~~~~~~~~
compilation terminated.
configure:5435: $? = 1
configure: failed program was:
| /* confdefs.h */
| #define PACKAGE_NAME "binutils"
| #define PACKAGE_TARNAME "binutils"
| #define PACKAGE_VERSION "2.36.1"
| #define PACKAGE_STRING "binutils 2.36.1"
| #define PACKAGE_BUGREPORT ""
| #define PACKAGE_URL ""
| #define PACKAGE "binutils"
| #define VERSION "2.36.1"
| #define STDC_HEADERS 1
| #define HAVE_SYS_TYPES_H 1
| #define HAVE_SYS_STAT_H 1
| #define HAVE_STDLIB_H 1
| #define HAVE_STRING_H 1
| #define HAVE_MEMORY_H 1
| #define HAVE_STRINGS_H 1
| #define HAVE_INTTYPES_H 1
| #define HAVE_STDINT_H 1
| #define HAVE_UNISTD_H 1
| /* end confdefs.h.  */
| #include <stdio.h>
| #ifdef HAVE_SYS_TYPES_H
| # include <sys/types.h>
| #endif
| #ifdef HAVE_SYS_STAT_H
| # include <sys/stat.h>
| #endif
| #ifdef STDC_HEADERS
| # include <stdlib.h>
| # include <stddef.h>
| #else
| # ifdef HAVE_STDLIB_H
| #  include <stdlib.h>
| # endif
| #endif
| #ifdef HAVE_STRING_H
| # if !defined STDC_HEADERS && defined HAVE_MEMORY_H
| #  include <memory.h>
| # endif
| # include <string.h>
| #endif
| #ifdef HAVE_STRINGS_H
| # include <strings.h>
| #endif
| #ifdef HAVE_INTTYPES_H
| # include <inttypes.h>
| #endif
| #ifdef HAVE_STDINT_H
| # include <stdint.h>
| #endif
| #ifdef HAVE_UNISTD_H
| # include <unistd.h>
| #endif
| #include <minix/config.h>
configure:5435: result: no
configure:5435: checking minix/config.h presence
configure:5435: afl-gcc -E  conftest.c
conftest.c:21:10: fatal error: minix/config.h: No such file or directory
   21 | #include <minix/config.h>
      |          ^~~~~~~~~~~~~~~~
compilation terminated.
configure:5435: $? = 1
configure: failed program was:
| /* confdefs.h */
| #define PACKAGE_NAME "binutils"
| #define PACKAGE_TARNAME "binutils"
| #define PACKAGE_VERSION "2.36.1"
| #define PACKAGE_STRING "binutils 2.36.1"
| #define PACKAGE_BUGREPORT ""
| #define PACKAGE_URL ""
| #define PACKAGE "binutils"
| #define VERSION "2.36.1"
| #define STDC_HEADERS 1
| #define HAVE_SYS_TYPES_H 1
| #define HAVE_SYS_STAT_H 1
| #define HAVE_STDLIB_H 1
| #define HAVE_STRING_H 1
| #define HAVE_MEMORY_H 1
| #define HAVE_STRINGS_H 1
| #define HAVE_INTTYPES_H 1
| #define HAVE_STDINT_H 1
| #define HAVE_UNISTD_H 1
| /* end confdefs.h.  */
| #include <minix/config.h>
configure:5435: result: no
configure:5435: checking for minix/config.h
configure:5435: result: no
configure:5456: checking whether it is safe to define __EXTENSIONS__
configure:5474: afl-gcc -c -g -O2      conftest.c >&5
configure:5474: $? = 0
configure:5481: result: yes
configure:5544: checking how to print strings
configure:5571: result: printf
configure:5592: checking for a sed that does not truncate output
configure:5656: result: /usr/bin/sed
configure:5674: checking for fgrep
configure:5736: result: /usr/bin/grep -F
configure:5771: checking for ld used by afl-gcc
configure:5838: result: ld
configure:5845: checking if the linker (ld) is GNU ld
configure:5860: result: yes
configure:5872: checking for BSD- or MS-compatible name lister (nm)
configure:5921: result: nm
configure:6051: checking the name lister (nm) interface
configure:6058: afl-gcc -c -g -O2      conftest.c >&5
configure:6061: nm "conftest.o"
configure:6064: output
0000000000000000 B some_variable
configure:6071: result: BSD nm
configure:6074: checking whether ln -s works
configure:6078: result: yes
configure:6086: checking the maximum length of command line arguments
configure:6211: result: 1572864
configure:6228: checking whether the shell understands some XSI constructs
configure:6238: result: yes
configure:6242: checking whether the shell understands "+="
configure:6248: result: yes
configure:6283: checking for ld option to reload object files
configure:6290: result: -r
configure:6319: checking for x86_64-pc-linux-gnu-objdump
configure:6346: result: objdump
configure:6418: checking how to recognize dependent libraries
configure:6619: result: pass_all
configure:6652: checking for x86_64-pc-linux-gnu-ar
configure:6679: result: ar --plugin /usr/lib/gcc/x86_64-linux-gnu/10/liblto_plugin.so
configure:6762: checking for x86_64-pc-linux-gnu-strip
configure:6792: result: no
configure:6802: checking for strip
configure:6818: found /usr/bin/strip
configure:6829: result: strip
configure:6861: checking for x86_64-pc-linux-gnu-ranlib
configure:6888: result: ranlib --plugin /usr/lib/gcc/x86_64-linux-gnu/10/liblto_plugin.so
configure:7035: checking command to parse nm output from afl-gcc object
configure:7153: afl-gcc -c -g -O2      conftest.c >&5

## ---------------- ##
## Cache variables. ##
## ---------------- ##

ac_cv_build=x86_64-pc-linux-gnu
ac_cv_c_compiler_gnu=yes
ac_cv_env_CC_set=set
ac_cv_env_CC_value=afl-gcc
ac_cv_env_CFLAGS_set=set
ac_cv_env_CFLAGS_value='-g -O2    '
ac_cv_env_CPPFLAGS_set=
ac_cv_env_CPPFLAGS_value=
ac_cv_env_CPP_set=
ac_cv_env_CPP_value=
ac_cv_env_DEBUGINFOD_CFLAGS_set=
ac_cv_env_DEBUGINFOD_CFLAGS_value=
ac_cv_env_DEBUGINFOD_LIBS_set=
ac_cv_env_DEBUGINFOD_LIBS_value=
ac_cv_env_LDFLAGS_set=set
ac_cv_env_LDFLAGS_value=' '
ac_cv_env_LIBS_set=
ac_cv_env_LIBS_value=
ac_cv_env_PKG_CONFIG_LIBDIR_set=
ac_cv_env_PKG_CONFIG_LIBDIR_value=
ac_cv_env_PKG_CONFIG_PATH_set=
ac_cv_env_PKG_CONFIG_PATH_value=
ac_cv_env_PKG_CONFIG_set=
ac_cv_env_PKG_CONFIG_value=
ac_cv_env_YACC_set=set
ac_cv_env_YACC_value='/home/ander/MACC/software-security/graded-lab-fuzzing/binutils-2.36.1/missing bison -y'
ac_cv_env_YFLAGS_set=
ac_cv_env_YFLAGS_value=
ac_cv_env_build_alias_set=set
ac_cv_env_build_alias_value=x86_64-pc-linux-gnu
ac_cv_env_host_alias_set=set
ac_cv_env_host_alias_value=x86_64-pc-linux-gnu
ac_cv_env_target_alias_set=set
ac_cv_env_target_alias_value=x86_64-pc-linux-gnu
ac_cv_header_inttypes_h=yes
ac_cv_header_memory_h=yes
ac_cv_header_minix_config_h=no
ac_cv_header_stdc=yes
ac_cv_header_stdint_h=yes
ac_cv_header_stdlib_h=yes
ac_cv_header_string_h=yes
ac_cv_header_strings_h=yes
ac_cv_header_sys_stat_h=yes
ac_cv_header_sys_types_h=yes
ac_cv_header_unistd_h=yes
ac_cv_host=x86_64-pc-linux-gnu
ac_cv_objext=o
ac_cv_path_EGREP='/usr/bin/grep -E'
ac_cv_path_FGREP='/usr/bin/grep -F'
ac_cv_path_GREP=/usr/bin/grep
ac_cv_path_SED=/usr/bin/sed
ac_cv_path_mkdir=/usr/bin/mkdir
ac_cv_prog_AR='ar --plugin /usr/lib/gcc/x86_64-linux-gnu/10/liblto_plugin.so'
ac_cv_prog_AWK=mawk
ac_cv_prog_CC=afl-gcc
ac_cv_prog_CPP='afl-gcc -E'
ac_cv_prog_OBJDUMP=objdump
ac_cv_prog_RANLIB='ranlib --plugin /usr/lib/gcc/x86_64-linux-gnu/10/liblto_plugin.so'
ac_cv_prog_ac_ct_STRIP=strip
ac_cv_prog_cc_c89=
ac_cv_prog_cc_g=yes
ac_cv_prog_make_make_set=yes
ac_cv_safe_to_define___extensions__=yes
ac_cv_search_strerror='none required'
ac_cv_target=x86_64-pc-linux-gnu
am_cv_CC_dependencies_compiler_type=gcc3
am_cv_make_support_nested_variables=yes
am_cv_prog_cc_c_o=yes
lt_cv_deplibs_check_method=pass_all
lt_cv_file_magic_cmd='$MAGIC_CMD'
lt_cv_file_magic_test_file=
lt_cv_ld_reload_flag=-r
lt_cv_nm_interface='BSD nm'
lt_cv_path_LD=ld
lt_cv_path_NM=nm
lt_cv_prog_gnu_ld=yes
lt_cv_sys_global_symbol_pipe='sed -n -e '\''s/^.*[	 ]\([ABCDGIRSTW][ABCDGIRSTW]*\)[	 ][	 ]*\([_A-Za-z][_A-Za-z0-9]*\)$/\1 \2 \2/p'\'''
lt_cv_sys_global_symbol_to_c_name_address='sed -n -e '\''s/^: \([^ ]*\) $/  {\"\1\", (void *) 0},/p'\'' -e '\''s/^[ABCDGIRSTW]* \([^ ]*\) \([^ ]*\)$/  {"\2", (void *) \&\2},/p'\'''
lt_cv_sys_global_symbol_to_c_name_address_lib_prefix='sed -n -e '\''s/^: \([^ ]*\) $/  {\"\1\", (void *) 0},/p'\'' -e '\''s/^[ABCDGIRSTW]* \([^ ]*\) \(lib[^ ]*\)$/  {"\2", (void *) \&\2},/p'\'' -e '\''s/^[ABCDGIRSTW]* \([^ ]*\) \([^ ]*\)$/  {"lib\2", (void *) \&\2},/p'\'''
lt_cv_sys_global_symbol_to_cdecl='sed -n -e '\''s/^T .* \(.*\)$/extern int \1();/p'\'' -e '\''s/^[ABCDGIRSTW]* .* \(.*\)$/extern char \1;/p'\'''
lt_cv_sys_max_cmd_len=1572864

## ----------------- ##
## Output variables. ##
## ----------------- ##

ACLOCAL='${SHELL} /home/ander/MACC/software-security/graded-lab-fuzzing/binutils-2.36.1/missing aclocal-1.15'
ALLOCA=''
AMDEPBACKSLASH='\'
AMDEP_FALSE='#'
AMDEP_TRUE=''
AMTAR='$${TAR-tar}'
AM_BACKSLASH='\'
AM_DEFAULT_V='$(AM_DEFAULT_VERBOSITY)'
AM_DEFAULT_VERBOSITY='1'
AM_V='$(V)'
AR='ar --plugin /usr/lib/gcc/x86_64-linux-gnu/10/liblto_plugin.so --plugin /usr/lib/gcc/x86_64-linux-gnu/10/liblto_plugin.so'
AUTOCONF='${SHELL} /home/ander/MACC/software-security/graded-lab-fuzzing/binutils-2.36.1/missing autoconf'
AUTOHEADER='${SHELL} /home/ander/MACC/software-security/graded-lab-fuzzing/binutils-2.36.1/missing autoheader'
AUTOMAKE='${SHELL} /home/ander/MACC/software-security/graded-lab-fuzzing/binutils-2.36.1/missing automake-1.15'
AWK='mawk'
BUILD_DLLTOOL=''
BUILD_DLLWRAP=''
BUILD_INSTALL_MISC=''
BUILD_MISC=''
BUILD_SRCONV=''
BUILD_WINDMC=''
BUILD_WINDRES=''
CATALOGS=''
CATOBJEXT=''
CC='afl-gcc'
CCDEPMODE='depmode=gcc3'
CC_FOR_BUILD='afl-gcc'
CFLAGS='-g -O2    '
CPP='afl-gcc -E'
CPPFLAGS=''
CTF_SOVER_EXT=''
CYGPATH_W='echo'
DATADIRNAME=''
DEBUGINFOD_CFLAGS=''
DEBUGINFOD_LIBS=''
DEFS=''
DEMANGLER_NAME=''
DEPDIR='.deps'
DLLTOOL_DEFS=''
DSYMUTIL=''
DUMPBIN=''
ECHO_C=''
ECHO_N='-n'
ECHO_T=''
EGREP='/usr/bin/grep -E'
EMULATION=''
EMULATION_VECTOR=''
ENABLE_LIBCTF_FALSE=''
ENABLE_LIBCTF_TRUE=''
EXEEXT=''
EXEEXT_FOR_BUILD=''
FGREP='/usr/bin/grep -F'
GENCAT=''
GENINSRC_NEVER_FALSE=''
GENINSRC_NEVER_TRUE=''
GMSGFMT=''
GREP='/usr/bin/grep'
HDEFINES=''
INCINTL=''
INSTALL_DATA='/usr/bin/install -c -m 644'
INSTALL_PROGRAM='/usr/bin/install -c'
INSTALL_SCRIPT='/usr/bin/install -c'
INSTALL_STRIP_PROGRAM='$(install_sh) -c -s'
INSTOBJEXT=''
LARGEFILE_CPPFLAGS=''
LD='ld'
LDFLAGS=' '
LEX='/home/ander/MACC/software-security/graded-lab-fuzzing/binutils-2.36.1/missing flex'
LEXLIB=''
LEX_OUTPUT_ROOT=''
LIBICONV=''
LIBINTL=''
LIBINTL_DEP=''
LIBOBJS=''
LIBS=''
LIBTOOL=''
LIPO=''
LN_S='ln -s'
LTLIBICONV=''
LTLIBOBJS=''
MAINT=''
MAINTAINER_MODE_FALSE=''
MAINTAINER_MODE_TRUE=''
MAKEINFO='/home/ander/MACC/software-security/graded-lab-fuzzing/binutils-2.36.1/missing makeinfo --split-size=5000000'
MKDIR_P='/usr/bin/mkdir -p'
MKINSTALLDIRS=''
MSGFMT=''
MSGMERGE=''
NM='nm'
NMEDIT=''
NO_WERROR=''
OBJDUMP='objdump'
OBJDUMP_DEFS=''
OBJDUMP_PRIVATE_OFILES=''
OBJEXT='o'
OTOOL64=''
OTOOL=''
PACKAGE='binutils'
PACKAGE_BUGREPORT=''
PACKAGE_NAME='binutils'
PACKAGE_STRING='binutils 2.36.1'
PACKAGE_TARNAME='binutils'
PACKAGE_URL=''
PACKAGE_VERSION='2.36.1'
PATH_SEPARATOR=':'
PKG_CONFIG=''
PKG_CONFIG_LIBDIR=''
PKG_CONFIG_PATH=''
POSUB=''
RANLIB='ranlib --plugin /usr/lib/gcc/x86_64-linux-gnu/10/liblto_plugin.so --plugin /usr/lib/gcc/x86_64-linux-gnu/10/liblto_plugin.so'
SED='/usr/bin/sed'
SET_MAKE=''
SHELL='/bin/bash'
STRIP='strip'
USE_NLS=''
VERSION='2.36.1'
WARN_CFLAGS=''
WARN_CFLAGS_FOR_BUILD=''
WARN_WRITE_STRINGS=''
XGETTEXT=''
YACC='/home/ander/MACC/software-security/graded-lab-fuzzing/binutils-2.36.1/missing bison -y'
YFLAGS=''
ac_ct_CC=''
ac_ct_DUMPBIN=''
am__EXEEXT_FALSE=''
am__EXEEXT_TRUE=''
am__fastdepCC_FALSE='#'
am__fastdepCC_TRUE=''
am__include='include'
am__isrc=''
am__leading_dot='.'
am__nodep='_no'
am__quote=''
am__tar='$${TAR-tar} chof - "$$tardir"'
am__untar='$${TAR-tar} xf -'
bindir='${exec_prefix}/bin'
build='x86_64-pc-linux-gnu'
build_alias='x86_64-pc-linux-gnu'
build_cpu='x86_64'
build_os='linux-gnu'
build_vendor='pc'
datadir='${datarootdir}'
datarootdir='${prefix}/share'
docdir='${datarootdir}/doc/${PACKAGE_TARNAME}'
dvidir='${docdir}'
exec_prefix='NONE'
host='x86_64-pc-linux-gnu'
host_alias='x86_64-pc-linux-gnu'
host_cpu='x86_64'
host_os='linux-gnu'
host_vendor='pc'
htmldir='${docdir}'
includedir='${prefix}/include'
infodir='${datarootdir}/info'
install_sh='${SHELL} /home/ander/MACC/software-security/graded-lab-fuzzing/binutils-2.36.1/install-sh'
libdir='${exec_prefix}/lib'
libexecdir='${exec_prefix}/libexec'
localedir='${datarootdir}/locale'
localstatedir='${prefix}/var'
mandir='${datarootdir}/man'
mkdir_p='$(MKDIR_P)'
oldincludedir='/usr/include'
pdfdir='${docdir}'
prefix='NONE'
program_transform_name='s,y,y,'
psdir='${docdir}'
runstatedir='${localstatedir}/run'
sbindir='${exec_prefix}/sbin'
sharedstatedir='${prefix}/com'
sysconfdir='${prefix}/etc'
target='x86_64-pc-linux-gnu'
target_alias='x86_64-pc-linux-gnu'
target_cpu='x86_64'
target_os='linux-gnu'
target_vendor='pc'
zlibdir=''
zlibinc=''

## ----------- ##
## confdefs.h. ##
## ----------- ##

/* confdefs.h */
#define PACKAGE_NAME "binutils"
#define PACKAGE_TARNAME "binutils"
#define PACKAGE_VERSION "2.36.1"
#define PACKAGE_STRING "binutils 2.36.1"
#define PACKAGE_BUGREPORT ""
#define PACKAGE_URL ""
#define PACKAGE "binutils"
#define VERSION "2.36.1"
#define STDC_HEADERS 1
#define HAVE_SYS_TYPES_H 1
#define HAVE_SYS_STAT_H 1
#define HAVE_STDLIB_H 1
#define HAVE_STRING_H 1
#define HAVE_MEMORY_H 1
#define HAVE_STRINGS_H 1
#define HAVE_INTTYPES_H 1
#define HAVE_STDINT_H 1
#define HAVE_UNISTD_H 1
#define __EXTENSIONS__ 1
#define _ALL_SOURCE 1
#define _GNU_SOURCE 1
#define _POSIX_PTHREAD_SEMANTICS 1
#define _TANDEM_SOURCE 1

configure: caught signal 2
configure: exit 1
