This file contains any messages produced by compilers while
running configure, to aid debugging if configure makes a mistake.

It was created by opcodes configure 2.36.1, which was
generated by GNU Autoconf 2.69.  Invocation command line was

  $ /home/ander/MACC/software-security/graded-lab-fuzzing/binutils-2.36.1/opcodes/configure --srcdir=.././opcodes --cache-file=./config.cache --with-gnu-as --with-gnu-ld --program-transform-name=s,y,y, --disable-option-checking --build=x86_64-pc-linux-gnu --host=x86_64-pc-linux-gnu --target=x86_64-pc-linux-gnu

## --------- ##
## Platform. ##
## --------- ##

hostname = pop-os
uname -m = x86_64
uname -r = 5.15.11-76051511-generic
uname -s = Linux
uname -v = #202112220937~1640185481~21.04~b3a2c21-Ubuntu SMP Mon Jan 3 16:5

/usr/bin/uname -p = x86_64
/bin/uname -X     = unknown

/bin/arch              = x86_64
/usr/bin/arch -k       = unknown
/usr/convex/getsysinfo = unknown
/usr/bin/hostinfo      = unknown
/bin/machine           = unknown
/usr/bin/oslevel       = unknown
/bin/universe          = unknown

PATH: /home/ander/.local/bin
PATH: /home/ander/bin
PATH: /usr/local/sbin
PATH: /usr/local/bin
PATH: /usr/sbin
PATH: /usr/bin
PATH: /sbin
PATH: /bin
PATH: /usr/games
PATH: /usr/local/games
PATH: /snap/bin
PATH: /snap/bin


## ----------- ##
## Core tests. ##
## ----------- ##

configure:2240: creating cache ./config.cache
configure:2351: checking build system type
configure:2365: result: x86_64-pc-linux-gnu
configure:2385: checking host system type
configure:2398: result: x86_64-pc-linux-gnu
configure:2418: checking target system type
configure:2431: result: x86_64-pc-linux-gnu
configure:2468: checking for x86_64-pc-linux-gnu-gcc
configure:2495: result: afl-gcc
configure:2764: checking for C compiler version
configure:2773: afl-gcc --version >&5
gcc (Ubuntu 10.3.0-1ubuntu1) 10.3.0
Copyright (C) 2020 Free Software Foundation, Inc.
This is free software; see the source for copying conditions.  There is NO
warranty; not even for MERCHANTABILITY or FITNESS FOR A PARTICULAR PURPOSE.

configure:2784: $? = 0
configure:2773: afl-gcc -v >&5
Using built-in specs.
COLLECT_GCC=gcc
COLLECT_LTO_WRAPPER=/usr/lib/gcc/x86_64-linux-gnu/10/lto-wrapper
OFFLOAD_TARGET_NAMES=nvptx-none:amdgcn-amdhsa:hsa
OFFLOAD_TARGET_DEFAULT=1
Target: x86_64-linux-gnu
Configured with: ../src/configure -v --with-pkgversion='Ubuntu 10.3.0-1ubuntu1' --with-bugurl=file:///usr/share/doc/gcc-10/README.Bugs --enable-languages=c,ada,c++,go,brig,d,fortran,objc,obj-c++,m2 --prefix=/usr --with-gcc-major-version-only --program-suffix=-10 --program-prefix=x86_64-linux-gnu- --enable-shared --enable-linker-build-id --libexecdir=/usr/lib --without-included-gettext --enable-threads=posix --libdir=/usr/lib --enable-nls --enable-bootstrap --enable-clocale=gnu --enable-libstdcxx-debug --enable-libstdcxx-time=yes --with-default-libstdcxx-abi=new --enable-gnu-unique-object --disable-vtable-verify --enable-plugin --enable-default-pie --with-system-zlib --enable-libphobos-checking=release --with-target-system-zlib=auto --enable-objc-gc=auto --enable-multiarch --disable-werror --with-arch-32=i686 --with-abi=m64 --with-multilib-list=m32,m64,mx32 --enable-multilib --with-tune=generic --enable-offload-targets=nvptx-none=/build/gcc-10-gDeRY6/gcc-10-10.3.0/debian/tmp-nvptx/usr,amdgcn-amdhsa=/build/gcc-10-gDeRY6/gcc-10-10.3.0/debian/tmp-gcn/usr,hsa --without-cuda-driver --enable-checking=release --build=x86_64-linux-gnu --host=x86_64-linux-gnu --target=x86_64-linux-gnu --with-build-config=bootstrap-lto-lean --enable-link-mutex
Thread model: posix
Supported LTO compression algorithms: zlib zstd
gcc version 10.3.0 (Ubuntu 10.3.0-1ubuntu1) 
... rest of stderr output deleted ...
configure:2784: $? = 0
configure:2773: afl-gcc -V >&5
gcc: error: unrecognized command-line option '-V'
gcc: fatal error: no input files
compilation terminated.
configure:2784: $? = 1
configure:2773: afl-gcc -qversion >&5
gcc: error: unrecognized command-line option '-qversion'; did you mean '--version'?
gcc: fatal error: no input files
compilation terminated.
configure:2784: $? = 1
configure:2804: checking whether the C compiler works
configure:2826: afl-gcc -g -O2        conftest.c  >&5
configure:2830: $? = 0
configure:2878: result: yes
configure:2881: checking for C compiler default output file name
configure:2883: result: a.out
configure:2889: checking for suffix of executables
configure:2896: afl-gcc -o conftest -g -O2        conftest.c  >&5
configure:2900: $? = 0
configure:2922: result: 
configure:2944: checking whether we are cross compiling
configure:2952: afl-gcc -o conftest -g -O2        conftest.c  >&5
configure:2956: $? = 0
configure:2963: ./conftest
configure:2967: $? = 0
configure:2982: result: no
configure:2987: checking for suffix of object files
configure:3009: afl-gcc -c -g -O2      conftest.c >&5
configure:3013: $? = 0
configure:3034: result: o
configure:3038: checking whether we are using the GNU C compiler
configure:3057: afl-gcc -c -g -O2      conftest.c >&5
configure:3057: $? = 0
configure:3066: result: yes
configure:3075: checking whether afl-gcc accepts -g
configure:3095: afl-gcc -c -g  conftest.c >&5
configure:3095: $? = 0
configure:3136: result: yes
configure:3153: checking for afl-gcc option to accept ISO C89
configure:3216: afl-gcc  -c -g -O2      conftest.c >&5
configure:3216: $? = 0
configure:3229: result: none needed
configure:3254: checking whether afl-gcc understands -c and -o together
configure:3276: afl-gcc -c conftest.c -o conftest2.o
configure:3279: $? = 0
configure:3276: afl-gcc -c conftest.c -o conftest2.o
configure:3279: $? = 0
configure:3291: result: yes
configure:3309: checking for library containing strerror
configure:3340: afl-gcc -o conftest -g -O2        conftest.c  >&5
configure:3340: $? = 0
configure:3357: result: none required
configure:3382: checking for a BSD-compatible install
configure:3450: result: /usr/bin/install -c
configure:3461: checking whether build environment is sane
configure:3516: result: yes
configure:3664: checking for a thread-safe mkdir -p
configure:3703: result: /usr/bin/mkdir -p
configure:3710: checking for gawk
configure:3737: result: mawk
configure:3748: checking whether make sets $(MAKE)
configure:3770: result: yes
configure:3800: checking for style of include used by make
configure:3828: result: GNU
configure:3862: checking whether make supports nested variables
configure:3879: result: yes
configure:3964: checking dependency style of afl-gcc
configure:4075: result: gcc3
configure:4142: checking for x86_64-pc-linux-gnu-gcc
configure:4169: result: afl-gcc
configure:4438: checking for C compiler version
configure:4447: afl-gcc --version >&5
gcc (Ubuntu 10.3.0-1ubuntu1) 10.3.0
Copyright (C) 2020 Free Software Foundation, Inc.
This is free software; see the source for copying conditions.  There is NO
warranty; not even for MERCHANTABILITY or FITNESS FOR A PARTICULAR PURPOSE.

configure:4458: $? = 0
configure:4447: afl-gcc -v >&5
Using built-in specs.
COLLECT_GCC=gcc
COLLECT_LTO_WRAPPER=/usr/lib/gcc/x86_64-linux-gnu/10/lto-wrapper
OFFLOAD_TARGET_NAMES=nvptx-none:amdgcn-amdhsa:hsa
OFFLOAD_TARGET_DEFAULT=1
Target: x86_64-linux-gnu
Configured with: ../src/configure -v --with-pkgversion='Ubuntu 10.3.0-1ubuntu1' --with-bugurl=file:///usr/share/doc/gcc-10/README.Bugs --enable-languages=c,ada,c++,go,brig,d,fortran,objc,obj-c++,m2 --prefix=/usr --with-gcc-major-version-only --program-suffix=-10 --program-prefix=x86_64-linux-gnu- --enable-shared --enable-linker-build-id --libexecdir=/usr/lib --without-included-gettext --enable-threads=posix --libdir=/usr/lib --enable-nls --enable-bootstrap --enable-clocale=gnu --enable-libstdcxx-debug --enable-libstdcxx-time=yes --with-default-libstdcxx-abi=new --enable-gnu-unique-object --disable-vtable-verify --enable-plugin --enable-default-pie --with-system-zlib --enable-libphobos-checking=release --with-target-system-zlib=auto --enable-objc-gc=auto --enable-multiarch --disable-werror --with-arch-32=i686 --with-abi=m64 --with-multilib-list=m32,m64,mx32 --enable-multilib --with-tune=generic --enable-offload-targets=nvptx-none=/build/gcc-10-gDeRY6/gcc-10-10.3.0/debian/tmp-nvptx/usr,amdgcn-amdhsa=/build/gcc-10-gDeRY6/gcc-10-10.3.0/debian/tmp-gcn/usr,hsa --without-cuda-driver --enable-checking=release --build=x86_64-linux-gnu --host=x86_64-linux-gnu --target=x86_64-linux-gnu --with-build-config=bootstrap-lto-lean --enable-link-mutex
Thread model: posix
Supported LTO compression algorithms: zlib zstd
gcc version 10.3.0 (Ubuntu 10.3.0-1ubuntu1) 
... rest of stderr output deleted ...
configure:4458: $? = 0
configure:4447: afl-gcc -V >&5
gcc: error: unrecognized command-line option '-V'
gcc: fatal error: no input files
compilation terminated.
configure:4458: $? = 1
configure:4447: afl-gcc -qversion >&5
gcc: error: unrecognized command-line option '-qversion'; did you mean '--version'?
gcc: fatal error: no input files
compilation terminated.
configure:4458: $? = 1
configure:4462: checking whether we are using the GNU C compiler
configure:4490: result: yes
configure:4499: checking whether afl-gcc accepts -g
configure:4560: result: yes
configure:4577: checking for afl-gcc option to accept ISO C89
configure:4653: result: none needed
configure:4678: checking whether afl-gcc understands -c and -o together
configure:4715: result: yes
configure:4737: checking how to run the C preprocessor
configure:4768: afl-gcc -E  conftest.c
configure:4768: $? = 0
configure:4782: afl-gcc -E  conftest.c
conftest.c:11:10: fatal error: ac_nonexistent.h: No such file or directory
   11 | #include <ac_nonexistent.h>
      |          ^~~~~~~~~~~~~~~~~~
compilation terminated.
configure:4782: $? = 1
configure: failed program was:
| /* confdefs.h */
| #define PACKAGE_NAME "opcodes"
| #define PACKAGE_TARNAME "opcodes"
| #define PACKAGE_VERSION "2.36.1"
| #define PACKAGE_STRING "opcodes 2.36.1"
| #define PACKAGE_BUGREPORT ""
| #define PACKAGE_URL ""
| #define PACKAGE "opcodes"
| #define VERSION "2.36.1"
| /* end confdefs.h.  */
| #include <ac_nonexistent.h>
configure:4807: result: afl-gcc -E
configure:4827: afl-gcc -E  conftest.c
configure:4827: $? = 0
configure:4841: afl-gcc -E  conftest.c
conftest.c:11:10: fatal error: ac_nonexistent.h: No such file or directory
   11 | #include <ac_nonexistent.h>
      |          ^~~~~~~~~~~~~~~~~~
compilation terminated.
configure:4841: $? = 1
configure: failed program was:
| /* confdefs.h */
| #define PACKAGE_NAME "opcodes"
| #define PACKAGE_TARNAME "opcodes"
| #define PACKAGE_VERSION "2.36.1"
| #define PACKAGE_STRING "opcodes 2.36.1"
| #define PACKAGE_BUGREPORT ""
| #define PACKAGE_URL ""
| #define PACKAGE "opcodes"
| #define VERSION "2.36.1"
| /* end confdefs.h.  */
| #include <ac_nonexistent.h>
configure:4870: checking for grep that handles long lines and -e
configure:4928: result: /usr/bin/grep
configure:4933: checking for egrep
configure:4995: result: /usr/bin/grep -E
configure:5000: checking for ANSI C header files
configure:5020: afl-gcc -c -g -O2      conftest.c >&5
configure:5020: $? = 0
configure:5093: afl-gcc -o conftest -g -O2        conftest.c  >&5
configure:5093: $? = 0
configure:5093: ./conftest
configure:5093: $? = 0
configure:5104: result: yes
configure:5117: checking for sys/types.h
configure:5117: afl-gcc -c -g -O2      conftest.c >&5
configure:5117: $? = 0
configure:5117: result: yes
configure:5117: checking for sys/stat.h
configure:5117: afl-gcc -c -g -O2      conftest.c >&5
configure:5117: $? = 0
configure:5117: result: yes
configure:5117: checking for stdlib.h
configure:5117: afl-gcc -c -g -O2      conftest.c >&5
configure:5117: $? = 0
configure:5117: result: yes
configure:5117: checking for string.h
configure:5117: afl-gcc -c -g -O2      conftest.c >&5
configure:5117: $? = 0
configure:5117: result: yes
configure:5117: checking for memory.h
configure:5117: afl-gcc -c -g -O2      conftest.c >&5
configure:5117: $? = 0
configure:5117: result: yes
configure:5117: checking for strings.h
configure:5117: afl-gcc -c -g -O2      conftest.c >&5
configure:5117: $? = 0
configure:5117: result: yes
configure:5117: checking for inttypes.h
configure:5117: afl-gcc -c -g -O2      conftest.c >&5
configure:5117: $? = 0
configure:5117: result: yes
configure:5117: checking for stdint.h
configure:5117: afl-gcc -c -g -O2      conftest.c >&5
configure:5117: $? = 0
configure:5117: result: yes
configure:5117: checking for unistd.h
configure:5117: afl-gcc -c -g -O2      conftest.c >&5
configure:5117: $? = 0
configure:5117: result: yes
configure:5130: checking minix/config.h usability
configure:5130: afl-gcc -c -g -O2      conftest.c >&5
conftest.c:54:10: fatal error: minix/config.h: No such file or directory
   54 | #include <minix/config.h>
      |          ^~~~~~~~~~~~~~~~
compilation terminated.
configure:5130: $? = 1
configure: failed program was:
| /* confdefs.h */
| #define PACKAGE_NAME "opcodes"
| #define PACKAGE_TARNAME "opcodes"
| #define PACKAGE_VERSION "2.36.1"
| #define PACKAGE_STRING "opcodes 2.36.1"
| #define PACKAGE_BUGREPORT ""
| #define PACKAGE_URL ""
| #define PACKAGE "opcodes"
| #define VERSION "2.36.1"
| #define STDC_HEADERS 1
| #define HAVE_SYS_TYPES_H 1
| #define HAVE_SYS_STAT_H 1
| #define HAVE_STDLIB_H 1
| #define HAVE_STRING_H 1
| #define HAVE_MEMORY_H 1
| #define HAVE_STRINGS_H 1
| #define HAVE_INTTYPES_H 1
| #define HAVE_STDINT_H 1
| #define HAVE_UNISTD_H 1
| /* end confdefs.h.  */
| #include <stdio.h>
| #ifdef HAVE_SYS_TYPES_H
| # include <sys/types.h>
| #endif
| #ifdef HAVE_SYS_STAT_H
| # include <sys/stat.h>
| #endif
| #ifdef STDC_HEADERS
| # include <stdlib.h>
| # include <stddef.h>
| #else
| # ifdef HAVE_STDLIB_H
| #  include <stdlib.h>
| # endif
| #endif
| #ifdef HAVE_STRING_H
| # if !defined STDC_HEADERS && defined HAVE_MEMORY_H
| #  include <memory.h>
| # endif
| # include <string.h>
| #endif
| #ifdef HAVE_STRINGS_H
| # include <strings.h>
| #endif
| #ifdef HAVE_INTTYPES_H
| # include <inttypes.h>
| #endif
| #ifdef HAVE_STDINT_H
| # include <stdint.h>
| #endif
| #ifdef HAVE_UNISTD_H
| # include <unistd.h>
| #endif
| #include <minix/config.h>
configure:5130: result: no
configure:5130: checking minix/config.h presence
configure:5130: afl-gcc -E  conftest.c
conftest.c:21:10: fatal error: minix/config.h: No such file or directory
   21 | #include <minix/config.h>
      |          ^~~~~~~~~~~~~~~~
compilation terminated.
configure:5130: $? = 1
configure: failed program was:
| /* confdefs.h */
| #define PACKAGE_NAME "opcodes"
| #define PACKAGE_TARNAME "opcodes"
| #define PACKAGE_VERSION "2.36.1"
| #define PACKAGE_STRING "opcodes 2.36.1"
| #define PACKAGE_BUGREPORT ""
| #define PACKAGE_URL ""
| #define PACKAGE "opcodes"
| #define VERSION "2.36.1"
| #define STDC_HEADERS 1
| #define HAVE_SYS_TYPES_H 1
| #define HAVE_SYS_STAT_H 1
| #define HAVE_STDLIB_H 1
| #define HAVE_STRING_H 1
| #define HAVE_MEMORY_H 1
| #define HAVE_STRINGS_H 1
| #define HAVE_INTTYPES_H 1
| #define HAVE_STDINT_H 1
| #define HAVE_UNISTD_H 1
| /* end confdefs.h.  */
| #include <minix/config.h>
configure:5130: result: no
configure:5130: checking for minix/config.h
configure:5130: result: no
configure:5151: checking whether it is safe to define __EXTENSIONS__
configure:5169: afl-gcc -c -g -O2      conftest.c >&5
configure:5169: $? = 0
configure:5176: result: yes
configure:5196: checking for x86_64-pc-linux-gnu-ar
configure:5223: result: ar --plugin /usr/lib/gcc/x86_64-linux-gnu/10/liblto_plugin.so
configure:5288: checking for x86_64-pc-linux-gnu-ranlib
configure:5315: result: ranlib --plugin /usr/lib/gcc/x86_64-linux-gnu/10/liblto_plugin.so
configure:5456: checking how to print strings
configure:5483: result: printf
configure:5504: checking for a sed that does not truncate output
configure:5568: result: /usr/bin/sed
configure:5586: checking for fgrep
configure:5648: result: /usr/bin/grep -F
configure:5683: checking for ld used by afl-gcc
configure:5750: result: ld
configure:5757: checking if the linker (ld) is GNU ld
configure:5772: result: yes
configure:5784: checking for BSD- or MS-compatible name lister (nm)
configure:5833: result: nm
configure:5963: checking the name lister (nm) interface
configure:5970: afl-gcc -c -g -O2      conftest.c >&5
configure:5973: nm "conftest.o"
configure:5976: output
0000000000000000 B some_variable
configure:5983: result: BSD nm
configure:5986: checking whether ln -s works
configure:5990: result: yes
configure:5998: checking the maximum length of command line arguments
configure:6123: result: 1572864
configure:6140: checking whether the shell understands some XSI constructs
configure:6150: result: yes
configure:6154: checking whether the shell understands "+="
configure:6160: result: yes
configure:6195: checking for ld option to reload object files
configure:6202: result: -r
configure:6231: checking for x86_64-pc-linux-gnu-objdump
configure:6258: result: objdump
configure:6330: checking how to recognize dependent libraries
configure:6531: result: pass_all
configure:6564: checking for x86_64-pc-linux-gnu-ar
configure:6591: result: ar --plugin /usr/lib/gcc/x86_64-linux-gnu/10/liblto_plugin.so
configure:6674: checking for x86_64-pc-linux-gnu-strip
configure:6704: result: no
configure:6714: checking for strip
configure:6730: found /usr/bin/strip
configure:6741: result: strip
configure:6773: checking for x86_64-pc-linux-gnu-ranlib
configure:6800: result: ranlib --plugin /usr/lib/gcc/x86_64-linux-gnu/10/liblto_plugin.so
configure:6947: checking command to parse nm output from afl-gcc object
configure:7065: afl-gcc -c -g -O2      conftest.c >&5
configure:7068: $? = 0
configure:7072: nm conftest.o \| sed -n -e 's/^.*[ ]\([ABCDGIRSTW][ABCDGIRSTW]*\)[ ][ ]*\([_A-Za-z][_A-Za-z0-9]*\)$/\1 \2 \2/p' \> conftest.nm
configure:7075: $? = 0
configure:7129: afl-gcc -o conftest -g -O2        conftest.c conftstm.o >&5
configure:7132: $? = 0
configure:7170: result: ok
configure:7265: afl-gcc -c -g -O2      conftest.c >&5
configure:7268: $? = 0
configure:8018: checking for dlfcn.h
configure:8018: afl-gcc -c -g -O2      conftest.c >&5
configure:8018: $? = 0
configure:8018: result: yes
configure:8175: checking for objdir
configure:8190: result: .libs
configure:8461: checking if afl-gcc supports -fno-rtti -fno-exceptions
configure:8479: afl-gcc -c -g -O2      -fno-rtti -fno-exceptions conftest.c >&5
cc1: warning: command-line option '-fno-rtti' is valid for C++/D/ObjC++ but not for C
configure:8483: $? = 0
configure:8496: result: no
configure:8516: checking for afl-gcc option to produce PIC
configure:8802: result: -fPIC -DPIC
configure:8814: checking if afl-gcc PIC flag -fPIC -DPIC works
configure:8832: afl-gcc -c -g -O2      -fPIC -DPIC -DPIC conftest.c >&5
configure:8836: $? = 0
configure:8849: result: yes
configure:8873: checking if afl-gcc static flag -static works
configure:8901: result: yes
configure:8916: checking if afl-gcc supports -c -o file.o
configure:8937: afl-gcc -c -g -O2      -o out/conftest2.o conftest.c >&5
configure:8941: $? = 0
configure:8963: result: yes
configure:8971: checking if afl-gcc supports -c -o file.o
configure:9018: result: yes
configure:9051: checking whether the afl-gcc linker (ld -m elf_x86_64) supports shared libraries
configure:10122: result: yes
configure:10367: checking dynamic linker characteristics
configure:10808: afl-gcc -o conftest -g -O2        -Wl,-rpath -Wl,/foo conftest.c  >&5
configure:10808: $? = 0
configure:11030: result: GNU/Linux ld.so
configure:11137: checking how to hardcode library paths into programs
configure:11162: result: immediate
configure:11702: checking whether stripping libraries is possible
configure:11707: result: yes
configure:11742: checking if libtool supports shared libraries
configure:11744: result: yes
configure:11747: checking whether to build shared libraries
configure:11768: result: no
configure:11771: checking whether to build static libraries
configure:11775: result: yes
configure:11985: checking whether to enable maintainer-specific portions of Makefiles
configure:11994: result: no
configure:12022: checking whether to install libbfd
configure:12035: result: yes
configure:12081: checking whether NLS is requested
configure:12087: result: yes
configure:12093: checking for catalogs to be installed
configure:12125: result:  da de es fi fr ga id it nl pt_BR ro sr sv tr uk vi zh_CN da de es fi fr ga id it nl pt_BR ro sr sv tr uk vi zh_CN
configure:12152: checking whether NLS is requested
configure:12161: result: yes
configure:12199: checking for msgfmt
configure:12233: result: no
configure:12239: checking for gmsgfmt
configure:12270: result: :
configure:12310: checking for xgettext
configure:12344: result: no
configure:12381: checking for msgmerge
configure:12414: result: no
configure:12493: checking for string.h
configure:12493: result: yes
configure:12493: checking for strings.h
configure:12493: result: yes
configure:12493: checking for stdlib.h
configure:12493: result: yes
configure:12493: checking limits.h usability
configure:12493: afl-gcc -c -g -O2      conftest.c >&5
configure:12493: $? = 0
configure:12493: result: yes
configure:12493: checking limits.h presence
configure:12493: afl-gcc -E  conftest.c
configure:12493: $? = 0
configure:12493: result: yes
configure:12493: checking for limits.h
configure:12493: result: yes
configure:12503: checking whether string.h and strings.h may both be included
configure:12520: afl-gcc -c -g -O2      conftest.c >&5
configure:12520: $? = 0
configure:12527: result: yes
configure:12536: checking whether basename is declared
configure:12536: afl-gcc -c -g -O2      conftest.c >&5
configure:12536: $? = 0
configure:12536: result: yes
configure:12546: checking whether stpcpy is declared
configure:12546: afl-gcc -c -g -O2      conftest.c >&5
configure:12546: $? = 0
configure:12546: result: yes
configure:12560: checking for sigsetjmp
configure:12578: afl-gcc -c -g -O2      conftest.c >&5
configure:12578: $? = 0
configure:12585: result: 
configure:12629: checking linker --as-needed support
configure:12640: result: yes
configure:12731: checking for cos in -lm
configure:12756: afl-gcc -o conftest -g -O2        conftest.c -lm   >&5
conftest.c:44:6: warning: conflicting types for built-in function 'cos'; expected 'double(double)' [-Wbuiltin-declaration-mismatch]
   44 | char cos ();
      |      ^~~
conftest.c:1:1: note: 'cos' is declared in header '<math.h>'
    1 | /* confdefs.h */
configure:12756: $? = 0
configure:12765: result: yes
configure:13076: updating cache ./config.cache
configure:13120: checking that generated files are newer than configure
configure:13126: result: done
configure:13161: creating ./config.status

## ---------------------- ##
## Running config.status. ##
## ---------------------- ##

This file was extended by opcodes config.status 2.36.1, which was
generated by GNU Autoconf 2.69.  Invocation command line was

  CONFIG_FILES    = 
  CONFIG_HEADERS  = 
  CONFIG_LINKS    = 
  CONFIG_COMMANDS = 
  $ ./config.status 

on pop-os

config.status:1138: creating Makefile
config.status:1138: creating po/Makefile.in
config.status:1138: creating config.h
config.status:1367: executing depfiles commands
config.status:1367: executing libtool commands
config.status:1367: executing default-1 commands

## ---------------- ##
## Cache variables. ##
## ---------------- ##

ac_cv_build=x86_64-pc-linux-gnu
ac_cv_c_compiler_gnu=yes
ac_cv_env_CC_set=set
ac_cv_env_CC_value=afl-gcc
ac_cv_env_CFLAGS_set=set
ac_cv_env_CFLAGS_value='-g -O2    '
ac_cv_env_CPPFLAGS_set=
ac_cv_env_CPPFLAGS_value=
ac_cv_env_CPP_set=
ac_cv_env_CPP_value=
ac_cv_env_LDFLAGS_set=set
ac_cv_env_LDFLAGS_value=' '
ac_cv_env_LIBS_set=
ac_cv_env_LIBS_value=
ac_cv_env_build_alias_set=set
ac_cv_env_build_alias_value=x86_64-pc-linux-gnu
ac_cv_env_host_alias_set=set
ac_cv_env_host_alias_value=x86_64-pc-linux-gnu
ac_cv_env_target_alias_set=set
ac_cv_env_target_alias_value=x86_64-pc-linux-gnu
ac_cv_have_decl_basename=yes
ac_cv_have_decl_stpcpy=yes
ac_cv_header_dlfcn_h=yes
ac_cv_header_inttypes_h=yes
ac_cv_header_limits_h=yes
ac_cv_header_memory_h=yes
ac_cv_header_minix_config_h=no
ac_cv_header_stdc=yes
ac_cv_header_stdint_h=yes
ac_cv_header_stdlib_h=yes
ac_cv_header_string_h=yes
ac_cv_header_strings_h=yes
ac_cv_header_sys_stat_h=yes
ac_cv_header_sys_types_h=yes
ac_cv_header_unistd_h=yes
ac_cv_host=x86_64-pc-linux-gnu
ac_cv_lib_m_cos=yes
ac_cv_objext=o
ac_cv_path_EGREP='/usr/bin/grep -E'
ac_cv_path_FGREP='/usr/bin/grep -F'
ac_cv_path_GMSGFMT=:
ac_cv_path_GREP=/usr/bin/grep
ac_cv_path_MSGFMT=:
ac_cv_path_MSGMERGE=:
ac_cv_path_SED=/usr/bin/sed
ac_cv_path_XGETTEXT=:
ac_cv_path_mkdir=/usr/bin/mkdir
ac_cv_prog_AR='ar --plugin /usr/lib/gcc/x86_64-linux-gnu/10/liblto_plugin.so'
ac_cv_prog_AWK=mawk
ac_cv_prog_CC=afl-gcc
ac_cv_prog_CPP='afl-gcc -E'
ac_cv_prog_OBJDUMP=objdump
ac_cv_prog_RANLIB='ranlib --plugin /usr/lib/gcc/x86_64-linux-gnu/10/liblto_plugin.so'
ac_cv_prog_ac_ct_STRIP=strip
ac_cv_prog_cc_c89=
ac_cv_prog_cc_g=yes
ac_cv_prog_make_make_set=yes
ac_cv_safe_to_define___extensions__=yes
ac_cv_search_strerror='none required'
ac_cv_target=x86_64-pc-linux-gnu
am_cv_CC_dependencies_compiler_type=gcc3
am_cv_make_support_nested_variables=yes
am_cv_prog_cc_c_o=yes
bfd_cv_func_sigsetjmp=yes
bfd_cv_ld_as_needed=yes
gcc_cv_header_string=yes
lt_cv_deplibs_check_method=pass_all
lt_cv_file_magic_cmd='$MAGIC_CMD'
lt_cv_file_magic_test_file=
lt_cv_ld_reload_flag=-r
lt_cv_nm_interface='BSD nm'
lt_cv_objdir=.libs
lt_cv_path_LD=ld
lt_cv_path_NM=nm
lt_cv_prog_compiler_c_o=yes
lt_cv_prog_compiler_pic_works=yes
lt_cv_prog_compiler_rtti_exceptions=no
lt_cv_prog_compiler_static_works=yes
lt_cv_prog_gnu_ld=yes
lt_cv_shlibpath_overrides_runpath=yes
lt_cv_sys_global_symbol_pipe='sed -n -e '\''s/^.*[	 ]\([ABCDGIRSTW][ABCDGIRSTW]*\)[	 ][	 ]*\([_A-Za-z][_A-Za-z0-9]*\)$/\1 \2 \2/p'\'''
lt_cv_sys_global_symbol_to_c_name_address='sed -n -e '\''s/^: \([^ ]*\) $/  {\"\1\", (void *) 0},/p'\'' -e '\''s/^[ABCDGIRSTW]* \([^ ]*\) \([^ ]*\)$/  {"\2", (void *) \&\2},/p'\'''
lt_cv_sys_global_symbol_to_c_name_address_lib_prefix='sed -n -e '\''s/^: \([^ ]*\) $/  {\"\1\", (void *) 0},/p'\'' -e '\''s/^[ABCDGIRSTW]* \([^ ]*\) \(lib[^ ]*\)$/  {"\2", (void *) \&\2},/p'\'' -e '\''s/^[ABCDGIRSTW]* \([^ ]*\) \([^ ]*\)$/  {"lib\2", (void *) \&\2},/p'\'''
lt_cv_sys_global_symbol_to_cdecl='sed -n -e '\''s/^T .* \(.*\)$/extern int \1();/p'\'' -e '\''s/^[ABCDGIRSTW]* .* \(.*\)$/extern char \1;/p'\'''
lt_cv_sys_max_cmd_len=1572864

## ----------------- ##
## Output variables. ##
## ----------------- ##

ACLOCAL='${SHELL} /home/ander/MACC/software-security/graded-lab-fuzzing/binutils-2.36.1/missing aclocal-1.15'
AMDEPBACKSLASH='\'
AMDEP_FALSE='#'
AMDEP_TRUE=''
AMTAR='$${TAR-tar}'
AM_BACKSLASH='\'
AM_DEFAULT_V='$(AM_DEFAULT_VERBOSITY)'
AM_DEFAULT_VERBOSITY='1'
AM_V='$(V)'
AR='ar --plugin /usr/lib/gcc/x86_64-linux-gnu/10/liblto_plugin.so --plugin /usr/lib/gcc/x86_64-linux-gnu/10/liblto_plugin.so'
AUTOCONF='${SHELL} /home/ander/MACC/software-security/graded-lab-fuzzing/binutils-2.36.1/missing autoconf'
AUTOHEADER='${SHELL} /home/ander/MACC/software-security/graded-lab-fuzzing/binutils-2.36.1/missing autoheader'
AUTOMAKE='${SHELL} /home/ander/MACC/software-security/graded-lab-fuzzing/binutils-2.36.1/missing automake-1.15'
AWK='mawk'
BFD_MACHINES=' i386-dis.lo i386-opc.lo'
BUILD_LIBS='../libiberty/libiberty.a '
BUILD_LIB_DEPS='../libiberty/libiberty.a '
CATALOGS=' da.gmo de.gmo es.gmo fi.gmo fr.gmo ga.gmo id.gmo it.gmo nl.gmo pt_BR.gmo ro.gmo sr.gmo sv.gmo tr.gmo uk.gmo vi.gmo zh_CN.gmo da.gmo de.gmo es.gmo fi.gmo fr.gmo ga.gmo id.gmo it.gmo nl.gmo pt_BR.gmo ro.gmo sr.gmo sv.gmo tr.gmo uk.gmo vi.gmo zh_CN.gmo'
CATOBJEXT='.gmo'
CC='afl-gcc'
CCDEPMODE='depmode=gcc3'
CC_FOR_BUILD='afl-gcc'
CFLAGS='-g -O2    '
CGEN_MAINT_FALSE=''
CGEN_MAINT_TRUE='#'
CPP='afl-gcc -E'
CPPFLAGS=''
CYGPATH_W='echo'
DATADIRNAME='share'
DEFS='-DHAVE_CONFIG_H'
DEPDIR='.deps'
DSYMUTIL=''
DUMPBIN=''
ECHO_C=''
ECHO_N='-n'
ECHO_T=''
EGREP='/usr/bin/grep -E'
EXEEXT=''
EXEEXT_FOR_BUILD='$(EXEEXT)'
FGREP='/usr/bin/grep -F'
GENCAT='gencat'
GMSGFMT=':'
GREP='/usr/bin/grep'
HDEFINES=''
INCINTL=''
INSTALL_DATA='/usr/bin/install -c -m 644'
INSTALL_LIBBFD_FALSE='#'
INSTALL_LIBBFD_TRUE=''
INSTALL_PROGRAM='/usr/bin/install -c'
INSTALL_SCRIPT='/usr/bin/install -c'
INSTALL_STRIP_PROGRAM='$(install_sh) -c -s'
INSTOBJEXT='.mo'
LD='ld -m elf_x86_64'
LDFLAGS=' '
LIBINTL=''
LIBINTL_DEP=''
LIBM='-lm'
LIBOBJS=''
LIBS=''
LIBTOOL='$(SHELL) $(top_builddir)/libtool'
LIPO=''
LN_S='ln -s'
LTLIBOBJS=''
MAINT='#'
MAINTAINER_MODE_FALSE=''
MAINTAINER_MODE_TRUE='#'
MAKEINFO='/home/ander/MACC/software-security/graded-lab-fuzzing/binutils-2.36.1/missing makeinfo --split-size=5000000'
MKDIR_P='/usr/bin/mkdir -p'
MKINSTALLDIRS='$(top_builddir)/./../mkinstalldirs'
MSGFMT=':'
MSGMERGE=':'
NM='nm'
NMEDIT=''
NO_WERROR=''
OBJDUMP='objdump'
OBJEXT='o'
OTOOL64=''
OTOOL=''
PACKAGE='opcodes'
PACKAGE_BUGREPORT=''
PACKAGE_NAME='opcodes'
PACKAGE_STRING='opcodes 2.36.1'
PACKAGE_TARNAME='opcodes'
PACKAGE_URL=''
PACKAGE_VERSION='2.36.1'
PATH_SEPARATOR=':'
POSUB='po'
RANLIB='ranlib --plugin /usr/lib/gcc/x86_64-linux-gnu/10/liblto_plugin.so --plugin /usr/lib/gcc/x86_64-linux-gnu/10/liblto_plugin.so'
SED='/usr/bin/sed'
SET_MAKE=''
SHARED_DEPENDENCIES=''
SHARED_LDFLAGS=''
SHARED_LIBADD=''
SHELL='/bin/bash'
STRIP='strip'
USE_NLS='yes'
VERSION='2.36.1'
WARN_CFLAGS='-W -Wall -Wstrict-prototypes -Wmissing-prototypes -Wshadow -Wstack-usage=262144'
WARN_CFLAGS_FOR_BUILD='-W -Wall -Wstrict-prototypes -Wmissing-prototypes -Wshadow -Wstack-usage=262144'
WARN_WRITE_STRINGS='-Wwrite-strings'
XGETTEXT=':'
ac_ct_CC=''
ac_ct_DUMPBIN=''
am__EXEEXT_FALSE=''
am__EXEEXT_TRUE='#'
am__fastdepCC_FALSE='#'
am__fastdepCC_TRUE=''
am__include='include'
am__isrc=''
am__leading_dot='.'
am__nodep='_no'
am__quote=''
am__tar='$${TAR-tar} chof - "$$tardir"'
am__untar='$${TAR-tar} xf -'
archdefs=' -DARCH_i386 -DARCH_iamcu -DARCH_l1om -DARCH_k1om'
bfdincludedir='$(includedir)'
bfdlibdir='$(libdir)'
bindir='${exec_prefix}/bin'
build='x86_64-pc-linux-gnu'
build_alias='x86_64-pc-linux-gnu'
build_cpu='x86_64'
build_os='linux-gnu'
build_vendor='pc'
cgendir='$(srcdir)/../cgen'
datadir='${datarootdir}'
datarootdir='${prefix}/share'
docdir='${datarootdir}/doc/${PACKAGE_TARNAME}'
dvidir='${docdir}'
exec_prefix='${prefix}'
host='x86_64-pc-linux-gnu'
host_alias='x86_64-pc-linux-gnu'
host_cpu='x86_64'
host_noncanonical='x86_64-pc-linux-gnu'
host_os='linux-gnu'
host_vendor='pc'
htmldir='${docdir}'
includedir='${prefix}/include'
infodir='${datarootdir}/info'
install_sh='${SHELL} /home/ander/MACC/software-security/graded-lab-fuzzing/binutils-2.36.1/install-sh'
libdir='${exec_prefix}/lib'
libexecdir='${exec_prefix}/libexec'
localedir='${datarootdir}/locale'
localstatedir='${prefix}/var'
mandir='${datarootdir}/man'
mkdir_p='$(MKDIR_P)'
oldincludedir='/usr/include'
pdfdir='${docdir}'
prefix='/usr/local'
program_transform_name='s,y,y,'
psdir='${docdir}'
runstatedir='${localstatedir}/run'
sbindir='${exec_prefix}/sbin'
sharedstatedir='${prefix}/com'
sysconfdir='${prefix}/etc'
target='x86_64-pc-linux-gnu'
target_alias='x86_64-pc-linux-gnu'
target_cpu='x86_64'
target_noncanonical='x86_64-pc-linux-gnu'
target_os='linux-gnu'
target_vendor='pc'

## ----------- ##
## confdefs.h. ##
## ----------- ##

/* confdefs.h */
#define PACKAGE_NAME "opcodes"
#define PACKAGE_TARNAME "opcodes"
#define PACKAGE_VERSION "2.36.1"
#define PACKAGE_STRING "opcodes 2.36.1"
#define PACKAGE_BUGREPORT ""
#define PACKAGE_URL ""
#define PACKAGE "opcodes"
#define VERSION "2.36.1"
#define STDC_HEADERS 1
#define HAVE_SYS_TYPES_H 1
#define HAVE_SYS_STAT_H 1
#define HAVE_STDLIB_H 1
#define HAVE_STRING_H 1
#define HAVE_MEMORY_H 1
#define HAVE_STRINGS_H 1
#define HAVE_INTTYPES_H 1
#define HAVE_STDINT_H 1
#define HAVE_UNISTD_H 1
#define __EXTENSIONS__ 1
#define _ALL_SOURCE 1
#define _GNU_SOURCE 1
#define _POSIX_PTHREAD_SEMANTICS 1
#define _TANDEM_SOURCE 1
#define HAVE_DLFCN_H 1
#define LT_OBJDIR ".libs/"
#define ENABLE_NLS 1
#define HAVE_STRING_H 1
#define HAVE_STRINGS_H 1
#define HAVE_STDLIB_H 1
#define HAVE_LIMITS_H 1
#define STRING_WITH_STRINGS 1
#define HAVE_DECL_BASENAME 1
#define HAVE_DECL_STPCPY 1
#define HAVE_SIGSETJMP 1

configure: exit 0
