This file contains any messages produced by compilers while
running configure, to aid debugging if configure makes a mistake.

It was created by zlib configure 1.1.4, which was
generated by GNU Autoconf 2.69.  Invocation command line was

  $ /home/ander/MACC/software-security/graded-lab-fuzzing/binutils-2.36.1/zlib/configure --srcdir=.././zlib --cache-file=./config.cache --with-gnu-as --with-gnu-ld --program-transform-name=s,y,y, --disable-option-checking --build=x86_64-pc-linux-gnu --host=x86_64-pc-linux-gnu --target=x86_64-pc-linux-gnu

## --------- ##
## Platform. ##
## --------- ##

hostname = pop-os
uname -m = x86_64
uname -r = 5.15.11-76051511-generic
uname -s = Linux
uname -v = #202112220937~1640185481~21.04~b3a2c21-Ubuntu SMP Mon Jan 3 16:5

/usr/bin/uname -p = x86_64
/bin/uname -X     = unknown

/bin/arch              = x86_64
/usr/bin/arch -k       = unknown
/usr/convex/getsysinfo = unknown
/usr/bin/hostinfo      = unknown
/bin/machine           = unknown
/usr/bin/oslevel       = unknown
/bin/universe          = unknown

PATH: /home/ander/.local/bin
PATH: /home/ander/bin
PATH: /usr/local/sbin
PATH: /usr/local/bin
PATH: /usr/sbin
PATH: /usr/bin
PATH: /sbin
PATH: /bin
PATH: /usr/games
PATH: /usr/local/games
PATH: /snap/bin
PATH: /snap/bin


## ----------- ##
## Core tests. ##
## ----------- ##

configure:2163: creating cache ./config.cache
configure:2317: checking build system type
configure:2331: result: x86_64-pc-linux-gnu
configure:2351: checking host system type
configure:2364: result: x86_64-pc-linux-gnu
configure:2384: checking target system type
configure:2397: result: x86_64-pc-linux-gnu
configure:2445: checking for a BSD-compatible install
configure:2513: result: /usr/bin/install -c
configure:2524: checking whether build environment is sane
configure:2579: result: yes
configure:2730: checking for a thread-safe mkdir -p
configure:2769: result: /usr/bin/mkdir -p
configure:2776: checking for gawk
configure:2803: result: mawk
configure:2814: checking whether make sets $(MAKE)
configure:2836: result: yes
configure:2865: checking whether make supports nested variables
configure:2882: result: yes
configure:3010: checking whether to enable maintainer-specific portions of Makefiles
configure:3019: result: no
configure:3090: checking for x86_64-pc-linux-gnu-gcc
configure:3117: result: afl-gcc
configure:3386: checking for C compiler version
configure:3395: afl-gcc --version >&5
gcc (Ubuntu 10.3.0-1ubuntu1) 10.3.0
Copyright (C) 2020 Free Software Foundation, Inc.
This is free software; see the source for copying conditions.  There is NO
warranty; not even for MERCHANTABILITY or FITNESS FOR A PARTICULAR PURPOSE.

configure:3406: $? = 0
configure:3395: afl-gcc -v >&5
Using built-in specs.
COLLECT_GCC=gcc
COLLECT_LTO_WRAPPER=/usr/lib/gcc/x86_64-linux-gnu/10/lto-wrapper
OFFLOAD_TARGET_NAMES=nvptx-none:amdgcn-amdhsa:hsa
OFFLOAD_TARGET_DEFAULT=1
Target: x86_64-linux-gnu
Configured with: ../src/configure -v --with-pkgversion='Ubuntu 10.3.0-1ubuntu1' --with-bugurl=file:///usr/share/doc/gcc-10/README.Bugs --enable-languages=c,ada,c++,go,brig,d,fortran,objc,obj-c++,m2 --prefix=/usr --with-gcc-major-version-only --program-suffix=-10 --program-prefix=x86_64-linux-gnu- --enable-shared --enable-linker-build-id --libexecdir=/usr/lib --without-included-gettext --enable-threads=posix --libdir=/usr/lib --enable-nls --enable-bootstrap --enable-clocale=gnu --enable-libstdcxx-debug --enable-libstdcxx-time=yes --with-default-libstdcxx-abi=new --enable-gnu-unique-object --disable-vtable-verify --enable-plugin --enable-default-pie --with-system-zlib --enable-libphobos-checking=release --with-target-system-zlib=auto --enable-objc-gc=auto --enable-multiarch --disable-werror --with-arch-32=i686 --with-abi=m64 --with-multilib-list=m32,m64,mx32 --enable-multilib --with-tune=generic --enable-offload-targets=nvptx-none=/build/gcc-10-gDeRY6/gcc-10-10.3.0/debian/tmp-nvptx/usr,amdgcn-amdhsa=/build/gcc-10-gDeRY6/gcc-10-10.3.0/debian/tmp-gcn/usr,hsa --without-cuda-driver --enable-checking=release --build=x86_64-linux-gnu --host=x86_64-linux-gnu --target=x86_64-linux-gnu --with-build-config=bootstrap-lto-lean --enable-link-mutex
Thread model: posix
Supported LTO compression algorithms: zlib zstd
gcc version 10.3.0 (Ubuntu 10.3.0-1ubuntu1) 
... rest of stderr output deleted ...
configure:3406: $? = 0
configure:3395: afl-gcc -V >&5
gcc: error: unrecognized command-line option '-V'
gcc: fatal error: no input files
compilation terminated.
configure:3406: $? = 1
configure:3395: afl-gcc -qversion >&5
gcc: error: unrecognized command-line option '-qversion'; did you mean '--version'?
gcc: fatal error: no input files
compilation terminated.
configure:3406: $? = 1
configure:3422: afl-gcc -o conftest -g -O2        conftest.c  >&5
configure:3425: $? = 0
configure:3454: checking whether the C compiler works
configure:3476: afl-gcc -g -O2        conftest.c  >&5
configure:3480: $? = 0
configure:3528: result: yes
configure:3531: checking for C compiler default output file name
configure:3533: result: a.out
configure:3539: checking for suffix of executables
configure:3546: afl-gcc -o conftest -g -O2        conftest.c  >&5
configure:3550: $? = 0
configure:3572: result: 
configure:3594: checking whether we are cross compiling
configure:3602: afl-gcc -o conftest -g -O2        conftest.c  >&5
configure:3606: $? = 0
configure:3613: ./conftest
configure:3617: $? = 0
configure:3632: result: no
configure:3638: checking for suffix of object files
configure:3660: afl-gcc -c -g -O2      conftest.c >&5
configure:3664: $? = 0
configure:3685: result: o
configure:3689: checking whether we are using the GNU C compiler
configure:3708: afl-gcc -c -g -O2      conftest.c >&5
configure:3708: $? = 0
configure:3717: result: yes
configure:3726: checking whether afl-gcc accepts -g
configure:3746: afl-gcc -c -g  conftest.c >&5
configure:3746: $? = 0
configure:3787: result: yes
configure:3804: checking for afl-gcc option to accept ISO C89
configure:3867: afl-gcc  -c -g -O2      conftest.c >&5
configure:3867: $? = 0
configure:3880: result: none needed
configure:3905: checking whether afl-gcc understands -c and -o together
configure:3927: afl-gcc -c conftest.c -o conftest2.o
configure:3930: $? = 0
configure:3927: afl-gcc -c conftest.c -o conftest2.o
configure:3930: $? = 0
configure:3942: result: yes
configure:3970: checking for style of include used by make
configure:3998: result: GNU
configure:4024: checking dependency style of afl-gcc
configure:4135: result: gcc3
configure:4200: checking how to print strings
configure:4227: result: printf
configure:4248: checking for a sed that does not truncate output
configure:4312: result: /usr/bin/sed
configure:4330: checking for grep that handles long lines and -e
configure:4388: result: /usr/bin/grep
configure:4393: checking for egrep
configure:4455: result: /usr/bin/grep -E
configure:4460: checking for fgrep
configure:4522: result: /usr/bin/grep -F
configure:4557: checking for ld used by afl-gcc
configure:4624: result: ld
configure:4631: checking if the linker (ld) is GNU ld
configure:4646: result: yes
configure:4658: checking for BSD- or MS-compatible name lister (nm)
configure:4707: result: nm
configure:4837: checking the name lister (nm) interface
configure:4844: afl-gcc -c -g -O2      conftest.c >&5
configure:4847: nm "conftest.o"
configure:4850: output
0000000000000000 B some_variable
configure:4857: result: BSD nm
configure:4860: checking whether ln -s works
configure:4864: result: yes
configure:4872: checking the maximum length of command line arguments
configure:4997: result: 1572864
configure:5014: checking whether the shell understands some XSI constructs
configure:5024: result: yes
configure:5028: checking whether the shell understands "+="
configure:5034: result: yes
configure:5069: checking for ld option to reload object files
configure:5076: result: -r
configure:5105: checking for x86_64-pc-linux-gnu-objdump
configure:5132: result: objdump
configure:5204: checking how to recognize dependent libraries
configure:5405: result: pass_all
configure:5438: checking for x86_64-pc-linux-gnu-ar
configure:5465: result: ar --plugin /usr/lib/gcc/x86_64-linux-gnu/10/liblto_plugin.so
configure:5548: checking for x86_64-pc-linux-gnu-strip
configure:5578: result: no
configure:5588: checking for strip
configure:5604: found /usr/bin/strip
configure:5615: result: strip
configure:5647: checking for x86_64-pc-linux-gnu-ranlib
configure:5674: result: ranlib --plugin /usr/lib/gcc/x86_64-linux-gnu/10/liblto_plugin.so
configure:5821: checking command to parse nm output from afl-gcc object
configure:5939: afl-gcc -c -g -O2      conftest.c >&5
configure:5942: $? = 0
configure:5946: nm conftest.o \| sed -n -e 's/^.*[ ]\([ABCDGIRSTW][ABCDGIRSTW]*\)[ ][ ]*\([_A-Za-z][_A-Za-z0-9]*\)$/\1 \2 \2/p' \> conftest.nm
configure:5949: $? = 0
configure:6003: afl-gcc -o conftest -g -O2        conftest.c conftstm.o >&5
configure:6006: $? = 0
configure:6044: result: ok
configure:6140: afl-gcc -c -g -O2      conftest.c >&5
configure:6143: $? = 0
configure:6902: checking how to run the C preprocessor
configure:6933: afl-gcc -E  conftest.c
configure:6933: $? = 0
configure:6947: afl-gcc -E  conftest.c
conftest.c:11:10: fatal error: ac_nonexistent.h: No such file or directory
   11 | #include <ac_nonexistent.h>
      |          ^~~~~~~~~~~~~~~~~~
compilation terminated.
configure:6947: $? = 1
configure: failed program was:
| /* confdefs.h */
| #define PACKAGE_NAME "zlib"
| #define PACKAGE_TARNAME "zlib"
| #define PACKAGE_VERSION "1.1.4"
| #define PACKAGE_STRING "zlib 1.1.4"
| #define PACKAGE_BUGREPORT ""
| #define PACKAGE_URL ""
| #define PACKAGE "zlib"
| #define VERSION "1.1.4"
| /* end confdefs.h.  */
| #include <ac_nonexistent.h>
configure:6972: result: afl-gcc -E
configure:6992: afl-gcc -E  conftest.c
configure:6992: $? = 0
configure:7006: afl-gcc -E  conftest.c
conftest.c:11:10: fatal error: ac_nonexistent.h: No such file or directory
   11 | #include <ac_nonexistent.h>
      |          ^~~~~~~~~~~~~~~~~~
compilation terminated.
configure:7006: $? = 1
configure: failed program was:
| /* confdefs.h */
| #define PACKAGE_NAME "zlib"
| #define PACKAGE_TARNAME "zlib"
| #define PACKAGE_VERSION "1.1.4"
| #define PACKAGE_STRING "zlib 1.1.4"
| #define PACKAGE_BUGREPORT ""
| #define PACKAGE_URL ""
| #define PACKAGE "zlib"
| #define VERSION "1.1.4"
| /* end confdefs.h.  */
| #include <ac_nonexistent.h>
configure:7035: checking for ANSI C header files
configure:7055: afl-gcc -c -g -O2      conftest.c >&5
configure:7055: $? = 0
configure:7128: afl-gcc -o conftest -g -O2        conftest.c  >&5
configure:7128: $? = 0
configure:7128: ./conftest
configure:7128: $? = 0
configure:7139: result: yes
configure:7152: checking for sys/types.h
configure:7152: afl-gcc -c -g -O2      conftest.c >&5
configure:7152: $? = 0
configure:7152: result: yes
configure:7152: checking for sys/stat.h
configure:7152: afl-gcc -c -g -O2      conftest.c >&5
configure:7152: $? = 0
configure:7152: result: yes
configure:7152: checking for stdlib.h
configure:7152: afl-gcc -c -g -O2      conftest.c >&5
configure:7152: $? = 0
configure:7152: result: yes
configure:7152: checking for string.h
configure:7152: afl-gcc -c -g -O2      conftest.c >&5
configure:7152: $? = 0
configure:7152: result: yes
configure:7152: checking for memory.h
configure:7152: afl-gcc -c -g -O2      conftest.c >&5
configure:7152: $? = 0
configure:7152: result: yes
configure:7152: checking for strings.h
configure:7152: afl-gcc -c -g -O2      conftest.c >&5
configure:7152: $? = 0
configure:7152: result: yes
configure:7152: checking for inttypes.h
configure:7152: afl-gcc -c -g -O2      conftest.c >&5
configure:7152: $? = 0
configure:7152: result: yes
configure:7152: checking for stdint.h
configure:7152: afl-gcc -c -g -O2      conftest.c >&5
configure:7152: $? = 0
configure:7152: result: yes
configure:7152: checking for unistd.h
configure:7152: afl-gcc -c -g -O2      conftest.c >&5
configure:7152: $? = 0
configure:7152: result: yes
configure:7166: checking for dlfcn.h
configure:7166: afl-gcc -c -g -O2      conftest.c >&5
configure:7166: $? = 0
configure:7166: result: yes
configure:7353: checking for objdir
configure:7368: result: .libs
configure:7639: checking if afl-gcc supports -fno-rtti -fno-exceptions
configure:7657: afl-gcc -c -g -O2      -fno-rtti -fno-exceptions conftest.c >&5
cc1: warning: command-line option '-fno-rtti' is valid for C++/D/ObjC++ but not for C
configure:7661: $? = 0
configure:7674: result: no
configure:7694: checking for afl-gcc option to produce PIC
configure:7980: result: -fPIC -DPIC
configure:7992: checking if afl-gcc PIC flag -fPIC -DPIC works
configure:8010: afl-gcc -c -g -O2      -fPIC -DPIC -DPIC conftest.c >&5
configure:8014: $? = 0
configure:8027: result: yes
configure:8051: checking if afl-gcc static flag -static works
configure:8079: result: yes
configure:8094: checking if afl-gcc supports -c -o file.o
configure:8115: afl-gcc -c -g -O2      -o out/conftest2.o conftest.c >&5
configure:8119: $? = 0
configure:8141: result: yes
configure:8149: checking if afl-gcc supports -c -o file.o
configure:8196: result: yes
configure:8229: checking whether the afl-gcc linker (ld -m elf_x86_64) supports shared libraries
configure:9309: result: yes
configure:9346: checking whether -lc should be explicitly linked in
configure:9354: afl-gcc -c -g -O2      conftest.c >&5
configure:9357: $? = 0
configure:9372: afl-gcc -shared  -fPIC -DPIC conftest.o  -v -Wl,-soname -Wl,conftest -o conftest 2\>\&1 \| /usr/bin/grep  -lc  \>/dev/null 2\>\&1
configure:9375: $? = 0
configure:9389: result: no
configure:9554: checking dynamic linker characteristics
configure:9998: afl-gcc -o conftest -g -O2        -Wl,-rpath -Wl,/foo conftest.c  >&5
configure:9998: $? = 0
configure:10220: result: GNU/Linux ld.so
configure:10327: checking how to hardcode library paths into programs
configure:10352: result: immediate
configure:10907: checking whether stripping libraries is possible
configure:10912: result: yes
configure:10947: checking if libtool supports shared libraries
configure:10949: result: yes
configure:10952: checking whether to build shared libraries
configure:10973: result: yes
configure:10976: checking whether to build static libraries
configure:10980: result: yes
configure:11023: checking how to run the C preprocessor
configure:11093: result: afl-gcc -E
configure:11113: afl-gcc -E  conftest.c
configure:11113: $? = 0
configure:11127: afl-gcc -E  conftest.c
conftest.c:23:10: fatal error: ac_nonexistent.h: No such file or directory
   23 | #include <ac_nonexistent.h>
      |          ^~~~~~~~~~~~~~~~~~
compilation terminated.
configure:11127: $? = 1
configure: failed program was:
| /* confdefs.h */
| #define PACKAGE_NAME "zlib"
| #define PACKAGE_TARNAME "zlib"
| #define PACKAGE_VERSION "1.1.4"
| #define PACKAGE_STRING "zlib 1.1.4"
| #define PACKAGE_BUGREPORT ""
| #define PACKAGE_URL ""
| #define PACKAGE "zlib"
| #define VERSION "1.1.4"
| #define STDC_HEADERS 1
| #define HAVE_SYS_TYPES_H 1
| #define HAVE_SYS_STAT_H 1
| #define HAVE_STDLIB_H 1
| #define HAVE_STRING_H 1
| #define HAVE_MEMORY_H 1
| #define HAVE_STRINGS_H 1
| #define HAVE_INTTYPES_H 1
| #define HAVE_STDINT_H 1
| #define HAVE_UNISTD_H 1
| #define HAVE_DLFCN_H 1
| #define LT_OBJDIR ".libs/"
| /* end confdefs.h.  */
| #include <ac_nonexistent.h>
configure:11183: checking for stdlib.h
configure:11183: result: yes
configure:11183: checking for unistd.h
configure:11183: result: yes
configure:11183: checking for sys/param.h
configure:11183: afl-gcc -c -g -O2      conftest.c >&5
configure:11183: $? = 0
configure:11183: result: yes
configure:11203: checking for getpagesize
configure:11203: afl-gcc -o conftest -g -O2        conftest.c  >&5
configure:11203: $? = 0
configure:11203: result: yes
configure:11212: checking for working mmap
configure:11361: afl-gcc -o conftest -g -O2        conftest.c  >&5
configure:11361: $? = 0
configure:11361: ./conftest
configure:11361: $? = 0
configure:11371: result: yes
configure:11384: checking for memcpy
configure:11384: afl-gcc -o conftest -g -O2        conftest.c  >&5
conftest.c:51:6: warning: conflicting types for built-in function 'memcpy'; expected 'void *(void *, const void *, long unsigned int)' [-Wbuiltin-declaration-mismatch]
   51 | char memcpy ();
      |      ^~~~~~
conftest.c:39:1: note: 'memcpy' is declared in header '<string.h>'
   38 | # include <limits.h>
   39 | #else
configure:11384: $? = 0
configure:11384: result: yes
configure:11384: checking for strerror
configure:11384: afl-gcc -o conftest -g -O2        conftest.c  >&5
configure:11384: $? = 0
configure:11384: result: yes
configure:11449: checking for unistd.h
configure:11449: result: yes
configure:11563: updating cache ./config.cache
configure:11643: checking that generated files are newer than configure
configure:11649: result: done
configure:11680: creating ./config.status

## ---------------------- ##
## Running config.status. ##
## ---------------------- ##

This file was extended by zlib config.status 1.1.4, which was
generated by GNU Autoconf 2.69.  Invocation command line was

  CONFIG_FILES    = 
  CONFIG_HEADERS  = 
  CONFIG_LINKS    = 
  CONFIG_COMMANDS = 
  $ ./config.status 

on pop-os

config.status:1022: creating Makefile
config.status:1194: executing depfiles commands
config.status:1194: executing libtool commands

## ---------------- ##
## Cache variables. ##
## ---------------- ##

ac_cv_build=x86_64-pc-linux-gnu
ac_cv_c_compiler_gnu=yes
ac_cv_env_CPPFLAGS_set=
ac_cv_env_CPPFLAGS_value=
ac_cv_env_CPP_set=
ac_cv_env_CPP_value=
ac_cv_env_build_alias_set=set
ac_cv_env_build_alias_value=x86_64-pc-linux-gnu
ac_cv_env_host_alias_set=set
ac_cv_env_host_alias_value=x86_64-pc-linux-gnu
ac_cv_env_target_alias_set=set
ac_cv_env_target_alias_value=x86_64-pc-linux-gnu
ac_cv_func_getpagesize=yes
ac_cv_func_memcpy=yes
ac_cv_func_mmap_fixed_mapped=yes
ac_cv_func_strerror=yes
ac_cv_header_dlfcn_h=yes
ac_cv_header_inttypes_h=yes
ac_cv_header_memory_h=yes
ac_cv_header_stdc=yes
ac_cv_header_stdint_h=yes
ac_cv_header_stdlib_h=yes
ac_cv_header_string_h=yes
ac_cv_header_strings_h=yes
ac_cv_header_sys_param_h=yes
ac_cv_header_sys_stat_h=yes
ac_cv_header_sys_types_h=yes
ac_cv_header_unistd_h=yes
ac_cv_host=x86_64-pc-linux-gnu
ac_cv_objext=o
ac_cv_path_EGREP='/usr/bin/grep -E'
ac_cv_path_FGREP='/usr/bin/grep -F'
ac_cv_path_GREP=/usr/bin/grep
ac_cv_path_SED=/usr/bin/sed
ac_cv_path_mkdir=/usr/bin/mkdir
ac_cv_prog_AR='ar --plugin /usr/lib/gcc/x86_64-linux-gnu/10/liblto_plugin.so'
ac_cv_prog_AWK=mawk
ac_cv_prog_CC=afl-gcc
ac_cv_prog_CPP='afl-gcc -E'
ac_cv_prog_OBJDUMP=objdump
ac_cv_prog_RANLIB='ranlib --plugin /usr/lib/gcc/x86_64-linux-gnu/10/liblto_plugin.so'
ac_cv_prog_ac_ct_STRIP=strip
ac_cv_prog_cc_c89=
ac_cv_prog_cc_g=yes
ac_cv_prog_make_make_set=yes
ac_cv_target=x86_64-pc-linux-gnu
am_cv_CC_dependencies_compiler_type=gcc3
am_cv_make_support_nested_variables=yes
am_cv_prog_cc_c_o=yes
lt_cv_archive_cmds_need_lc=no
lt_cv_deplibs_check_method=pass_all
lt_cv_file_magic_cmd='$MAGIC_CMD'
lt_cv_file_magic_test_file=
lt_cv_ld_reload_flag=-r
lt_cv_nm_interface='BSD nm'
lt_cv_objdir=.libs
lt_cv_path_LD=ld
lt_cv_path_NM=nm
lt_cv_prog_compiler_c_o=yes
lt_cv_prog_compiler_pic_works=yes
lt_cv_prog_compiler_rtti_exceptions=no
lt_cv_prog_compiler_static_works=yes
lt_cv_prog_gnu_ld=yes
lt_cv_shlibpath_overrides_runpath=yes
lt_cv_sys_global_symbol_pipe='sed -n -e '\''s/^.*[	 ]\([ABCDGIRSTW][ABCDGIRSTW]*\)[	 ][	 ]*\([_A-Za-z][_A-Za-z0-9]*\)$/\1 \2 \2/p'\'''
lt_cv_sys_global_symbol_to_c_name_address='sed -n -e '\''s/^: \([^ ]*\) $/  {\"\1\", (void *) 0},/p'\'' -e '\''s/^[ABCDGIRSTW]* \([^ ]*\) \([^ ]*\)$/  {"\2", (void *) \&\2},/p'\'''
lt_cv_sys_global_symbol_to_c_name_address_lib_prefix='sed -n -e '\''s/^: \([^ ]*\) $/  {\"\1\", (void *) 0},/p'\'' -e '\''s/^[ABCDGIRSTW]* \([^ ]*\) \(lib[^ ]*\)$/  {"\2", (void *) \&\2},/p'\'' -e '\''s/^[ABCDGIRSTW]* \([^ ]*\) \([^ ]*\)$/  {"lib\2", (void *) \&\2},/p'\'''
lt_cv_sys_global_symbol_to_cdecl='sed -n -e '\''s/^T .* \(.*\)$/extern int \1();/p'\'' -e '\''s/^[ABCDGIRSTW]* .* \(.*\)$/extern char \1;/p'\'''
lt_cv_sys_max_cmd_len=1572864

## ----------------- ##
## Output variables. ##
## ----------------- ##

ACLOCAL='${SHELL} /home/ander/MACC/software-security/graded-lab-fuzzing/binutils-2.36.1/missing aclocal-1.15'
AMDEPBACKSLASH='\'
AMDEP_FALSE='#'
AMDEP_TRUE=''
AMTAR='$${TAR-tar}'
AM_BACKSLASH='\'
AM_DEFAULT_V='$(AM_DEFAULT_VERBOSITY)'
AM_DEFAULT_VERBOSITY='1'
AM_V='$(V)'
AR='ar --plugin /usr/lib/gcc/x86_64-linux-gnu/10/liblto_plugin.so --plugin /usr/lib/gcc/x86_64-linux-gnu/10/liblto_plugin.so'
AUTOCONF='${SHELL} /home/ander/MACC/software-security/graded-lab-fuzzing/binutils-2.36.1/missing autoconf'
AUTOHEADER='${SHELL} /home/ander/MACC/software-security/graded-lab-fuzzing/binutils-2.36.1/missing autoheader'
AUTOMAKE='${SHELL} /home/ander/MACC/software-security/graded-lab-fuzzing/binutils-2.36.1/missing automake-1.15'
AWK='mawk'
CC='afl-gcc'
CCDEPMODE='depmode=gcc3'
CFLAGS='-g -O2    '
COMPPATH='.'
CPP='afl-gcc -E'
CPPFLAGS=''
CYGPATH_W='echo'
DEFS='-DPACKAGE_NAME=\"zlib\" -DPACKAGE_TARNAME=\"zlib\" -DPACKAGE_VERSION=\"1.1.4\" -DPACKAGE_STRING=\"zlib\ 1.1.4\" -DPACKAGE_BUGREPORT=\"\" -DPACKAGE_URL=\"\" -DPACKAGE=\"zlib\" -DVERSION=\"1.1.4\" -DSTDC_HEADERS=1 -DHAVE_SYS_TYPES_H=1 -DHAVE_SYS_STAT_H=1 -DHAVE_STDLIB_H=1 -DHAVE_STRING_H=1 -DHAVE_MEMORY_H=1 -DHAVE_STRINGS_H=1 -DHAVE_INTTYPES_H=1 -DHAVE_STDINT_H=1 -DHAVE_UNISTD_H=1 -DHAVE_DLFCN_H=1 -DLT_OBJDIR=\".libs/\" -DHAVE_STDLIB_H=1 -DHAVE_UNISTD_H=1 -DHAVE_SYS_PARAM_H=1 -DHAVE_GETPAGESIZE=1 -DHAVE_MMAP=1 -DHAVE_MEMCPY=1 -DHAVE_STRERROR=1 -DHAVE_UNISTD_H=1'
DEPDIR='.deps'
DSYMUTIL=''
DUMPBIN=''
ECHO_C=''
ECHO_N='-n'
ECHO_T=''
EGREP='/usr/bin/grep -E'
EXEEXT=''
FGREP='/usr/bin/grep -F'
GREP='/usr/bin/grep'
INSTALL_DATA='/usr/bin/install -c -m 644'
INSTALL_PROGRAM='/usr/bin/install -c'
INSTALL_SCRIPT='/usr/bin/install -c'
INSTALL_STRIP_PROGRAM='$(install_sh) -c -s'
LD='ld -m elf_x86_64'
LDFLAGS=' '
LIBOBJS=''
LIBS=''
LIBTOOL='$(SHELL) $(top_builddir)/libtool'
LIPO=''
LN_S='ln -s'
LTLIBOBJS=''
MAINT='#'
MAINTAINER_MODE_FALSE=''
MAINTAINER_MODE_TRUE='#'
MAKEINFO='/home/ander/MACC/software-security/graded-lab-fuzzing/binutils-2.36.1/missing makeinfo --split-size=5000000'
MKDIR_P='/usr/bin/mkdir -p'
NM='nm'
NMEDIT=''
OBJDUMP='objdump'
OBJEXT='o'
OTOOL64=''
OTOOL=''
PACKAGE='zlib'
PACKAGE_BUGREPORT=''
PACKAGE_NAME='zlib'
PACKAGE_STRING='zlib 1.1.4'
PACKAGE_TARNAME='zlib'
PACKAGE_URL=''
PACKAGE_VERSION='1.1.4'
PATH_SEPARATOR=':'
PICFLAG=''
RANLIB='ranlib --plugin /usr/lib/gcc/x86_64-linux-gnu/10/liblto_plugin.so --plugin /usr/lib/gcc/x86_64-linux-gnu/10/liblto_plugin.so'
SED='/usr/bin/sed'
SET_MAKE=''
SHELL='/bin/bash'
STRIP='strip'
TARGET_LIBRARY_FALSE=''
TARGET_LIBRARY_TRUE='#'
VERSION='1.1.4'
ac_ct_CC=''
ac_ct_DUMPBIN=''
am__EXEEXT_FALSE=''
am__EXEEXT_TRUE='#'
am__fastdepCC_FALSE='#'
am__fastdepCC_TRUE=''
am__include='include'
am__isrc=''
am__leading_dot='.'
am__nodep='_no'
am__quote=''
am__tar='$${TAR-tar} chof - "$$tardir"'
am__untar='$${TAR-tar} xf -'
bindir='${exec_prefix}/bin'
build='x86_64-pc-linux-gnu'
build_alias='x86_64-pc-linux-gnu'
build_cpu='x86_64'
build_os='linux-gnu'
build_vendor='pc'
datadir='${datarootdir}'
datarootdir='${prefix}/share'
docdir='${datarootdir}/doc/${PACKAGE_TARNAME}'
dvidir='${docdir}'
exec_prefix='${prefix}'
host='x86_64-pc-linux-gnu'
host_alias='x86_64-pc-linux-gnu'
host_cpu='x86_64'
host_os='linux-gnu'
host_vendor='pc'
htmldir='${docdir}'
includedir='${prefix}/include'
infodir='${datarootdir}/info'
install_sh='${SHELL} /home/ander/MACC/software-security/graded-lab-fuzzing/binutils-2.36.1/install-sh'
libdir='${exec_prefix}/lib'
libexecdir='${exec_prefix}/libexec'
localedir='${datarootdir}/locale'
localstatedir='${prefix}/var'
mandir='${datarootdir}/man'
mkdir_p='$(MKDIR_P)'
mkinstalldirs='/home/ander/MACC/software-security/graded-lab-fuzzing/binutils-2.36.1/mkinstalldirs'
multi_basedir=''
oldincludedir='/usr/include'
pdfdir='${docdir}'
prefix='/usr/local'
program_transform_name='s,y,y,'
psdir='${docdir}'
runstatedir='${localstatedir}/run'
sbindir='${exec_prefix}/sbin'
sharedstatedir='${prefix}/com'
sysconfdir='${prefix}/etc'
target='x86_64-pc-linux-gnu'
target_alias='x86_64-pc-linux-gnu'
target_all='libzgcj.la'
target_cpu='x86_64'
target_os='linux-gnu'
target_vendor='pc'
toolexecdir='$(libdir)/gcc-lib/$(target_alias)'
toolexeclibdir='$(libdir)/../lib'

## ----------- ##
## confdefs.h. ##
## ----------- ##

/* confdefs.h */
#define PACKAGE_NAME "zlib"
#define PACKAGE_TARNAME "zlib"
#define PACKAGE_VERSION "1.1.4"
#define PACKAGE_STRING "zlib 1.1.4"
#define PACKAGE_BUGREPORT ""
#define PACKAGE_URL ""
#define PACKAGE "zlib"
#define VERSION "1.1.4"
#define STDC_HEADERS 1
#define HAVE_SYS_TYPES_H 1
#define HAVE_SYS_STAT_H 1
#define HAVE_STDLIB_H 1
#define HAVE_STRING_H 1
#define HAVE_MEMORY_H 1
#define HAVE_STRINGS_H 1
#define HAVE_INTTYPES_H 1
#define HAVE_STDINT_H 1
#define HAVE_UNISTD_H 1
#define HAVE_DLFCN_H 1
#define LT_OBJDIR ".libs/"
#define HAVE_STDLIB_H 1
#define HAVE_UNISTD_H 1
#define HAVE_SYS_PARAM_H 1
#define HAVE_GETPAGESIZE 1
#define HAVE_MMAP 1
#define HAVE_MEMCPY 1
#define HAVE_STRERROR 1
#define HAVE_UNISTD_H 1

configure: exit 0
